#
# A fatal error has been detected by the Java Runtime Environment:
#
#  EXCEPTION_ACCESS_VIOLATION (0xc0000005) at pc=0x0000000000000000, pid=7400, tid=17260
#
# JRE version: OpenJDK Runtime Environment (17.0.2+8) (build 17.0.2+8-86)
# Java VM: OpenJDK 64-Bit Server VM (17.0.2+8-86, mixed mode, sharing, tiered, compressed oops, compressed class ptrs, g1 gc, windows-amd64)
# Problematic frame:
# C  0x0000000000000000
#
# No core dump will be written. Minidumps are not enabled by default on client versions of Windows
#
# If you would like to submit a bug report, please visit:
#   https://bugreport.java.com/bugreport/crash.jsp
# The crash happened outside the Java Virtual Machine in native code.
# See problematic frame for where to report the bug.
#

---------------  S U M M A R Y ------------

Command Line: -agentlib:jdwp=transport=dt_socket,address=127.0.0.1:63666,suspend=y,server=n -javaagent:C:\Users\admin\AppData\Local\JetBrains\IntelliJIdea2023.2\captureAgent\debugger-agent.jar -Dfile.encoding=UTF-8 --module-path=C:\Users\admin\.m2\repository\org\openjfx\javafx-graphics\17.0.1\javafx-graphics-17.0.1-win.jar;C:\Users\admin\.m2\repository\org\openjfx\javafx-controls\17.0.1\javafx-controls-17.0.1-win.jar;D:\IGOR\Diplomski-projekat\RollingBall\target\classes;C:\Users\admin\.m2\repository\com\google\code\gson\gson\2.10.1\gson-2.10.1.jar;C:\Users\admin\.m2\repository\org\hildan\fxgson\fx-gson\5.0.0\fx-gson-5.0.0.jar;C:\Users\admin\.m2\repository\org\openjfx\javafx-fxml\17.0.1\javafx-fxml-17.0.1-win.jar;C:\Users\admin\.m2\repository\org\jetbrains\annotations\23.0.0\annotations-23.0.0.jar;C:\Users\admin\.m2\repository\org\openjfx\javafx-base\17.0.1\javafx-base-17.0.1-win.jar;C:\Users\admin\.m2\repository\org\openjfx\javafx-media\17.0.1\javafx-media-17.0.1-win.jar -Djdk.module.main=com.example.domaci2 com.example.domaci2/com.example.rollingBall.MainWrap

Host: AMD Ryzen 3 1200 Quad-Core Processor           , 4 cores, 7G,  Windows 10 , 64 bit Build 19041 (10.0.19041.3393)
Time: Sat Sep 23 10:56:25 2023 Central Europe Daylight Time elapsed time: 29.057622 seconds (0d 0h 0m 29s)

---------------  T H R E A D  ---------------

Current thread (0x000001e9a42bdf40):  JavaThread "QuantumRenderer-0" daemon [_thread_in_native, id=17260, stack(0x00000070b5f00000,0x00000070b6000000)]

Stack: [0x00000070b5f00000,0x00000070b6000000],  sp=0x00000070b5ffcf28,  free space=1011k
Native frames: (J=compiled Java code, j=interpreted, Vv=VM code, C=native code)

Java frames: (J=compiled Java code, j=interpreted, Vv=VM code)
j  com.sun.javafx.font.directwrite.OS.CreateGlyphRunAnalysis(JLcom/sun/javafx/font/directwrite/DWRITE_GLYPH_RUN;FLcom/sun/javafx/font/directwrite/DWRITE_MATRIX;IIFF)J+0 javafx.graphics
j  com.sun.javafx.font.directwrite.IDWriteFactory.CreateGlyphRunAnalysis(Lcom/sun/javafx/font/directwrite/DWRITE_GLYPH_RUN;FLcom/sun/javafx/font/directwrite/DWRITE_MATRIX;IIFF)Lcom/sun/javafx/font/directwrite/IDWriteGlyphRunAnalysis;+15 javafx.graphics
j  com.sun.javafx.font.directwrite.DWGlyph.createAnalysis(FF)Lcom/sun/javafx/font/directwrite/IDWriteGlyphRunAnalysis;+61 javafx.graphics
j  com.sun.javafx.font.directwrite.DWGlyph.getLCDMask(FF)[B+3 javafx.graphics
j  com.sun.javafx.font.directwrite.DWGlyph.getPixelData(I)[B+87 javafx.graphics
j  com.sun.prism.impl.GlyphCache.getCachedGlyph(II)Lcom/sun/prism/impl/GlyphCache$GlyphData;+96 javafx.graphics
j  com.sun.prism.impl.GlyphCache.render(Lcom/sun/prism/impl/BaseContext;Lcom/sun/javafx/scene/text/GlyphList;FFIILcom/sun/prism/paint/Color;Lcom/sun/prism/paint/Color;Lcom/sun/javafx/geom/transform/BaseTransform;Lcom/sun/javafx/geom/BaseBounds;)V+157 javafx.graphics
j  com.sun.prism.impl.ps.BaseShaderGraphics.drawString(Lcom/sun/javafx/scene/text/GlyphList;Lcom/sun/javafx/font/FontStrike;FFLcom/sun/prism/paint/Color;II)V+816 javafx.graphics
j  com.sun.javafx.sg.prism.NGText.renderText(Lcom/sun/prism/Graphics;Lcom/sun/javafx/font/FontStrike;Lcom/sun/javafx/geom/BaseBounds;Lcom/sun/prism/paint/Color;I)V+198 javafx.graphics
j  com.sun.javafx.sg.prism.NGText.renderContent2D(Lcom/sun/prism/Graphics;Z)V+238 javafx.graphics
j  com.sun.javafx.sg.prism.NGShape.renderContent(Lcom/sun/prism/Graphics;)V+454 javafx.graphics
j  com.sun.javafx.sg.prism.NGNode.doRender(Lcom/sun/prism/Graphics;)V+330 javafx.graphics
j  com.sun.javafx.sg.prism.NGNode.render(Lcom/sun/prism/Graphics;)V+35 javafx.graphics
j  com.sun.javafx.sg.prism.NGGroup.renderContent(Lcom/sun/prism/Graphics;)V+151 javafx.graphics
j  com.sun.javafx.sg.prism.NGRegion.renderContent(Lcom/sun/prism/Graphics;)V+111 javafx.graphics
j  com.sun.javafx.sg.prism.NGNode.doRender(Lcom/sun/prism/Graphics;)V+330 javafx.graphics
j  com.sun.javafx.sg.prism.NGNode.render(Lcom/sun/prism/Graphics;)V+35 javafx.graphics
j  com.sun.javafx.sg.prism.NGGroup.renderContent(Lcom/sun/prism/Graphics;)V+151 javafx.graphics
j  com.sun.javafx.sg.prism.NGRegion.renderContent(Lcom/sun/prism/Graphics;)V+111 javafx.graphics
j  com.sun.javafx.sg.prism.NGNode.doRender(Lcom/sun/prism/Graphics;)V+330 javafx.graphics
j  com.sun.javafx.sg.prism.NGNode.render(Lcom/sun/prism/Graphics;)V+35 javafx.graphics
j  com.sun.javafx.sg.prism.NGGroup.renderContent(Lcom/sun/prism/Graphics;)V+151 javafx.graphics
j  com.sun.javafx.sg.prism.NGRegion.renderContent(Lcom/sun/prism/Graphics;)V+111 javafx.graphics
j  com.sun.javafx.sg.prism.NGNode.doRender(Lcom/sun/prism/Graphics;)V+330 javafx.graphics
j  com.sun.javafx.sg.prism.NGNode.render(Lcom/sun/prism/Graphics;)V+35 javafx.graphics
j  com.sun.javafx.sg.prism.NGGroup.renderContent(Lcom/sun/prism/Graphics;)V+151 javafx.graphics
j  com.sun.javafx.sg.prism.NGNode.doRender(Lcom/sun/prism/Graphics;)V+330 javafx.graphics
j  com.sun.javafx.sg.prism.NGNode.render(Lcom/sun/prism/Graphics;)V+35 javafx.graphics
j  com.sun.javafx.sg.prism.NGSubScene.renderContent(Lcom/sun/prism/Graphics;)V+357 javafx.graphics
j  com.sun.javafx.sg.prism.NGNode.doRender(Lcom/sun/prism/Graphics;)V+330 javafx.graphics
j  com.sun.javafx.sg.prism.NGNode.render(Lcom/sun/prism/Graphics;)V+35 javafx.graphics
j  com.sun.javafx.sg.prism.NGGroup.renderContent(Lcom/sun/prism/Graphics;)V+151 javafx.graphics
j  com.sun.javafx.sg.prism.NGNode.doRender(Lcom/sun/prism/Graphics;)V+330 javafx.graphics
j  com.sun.javafx.sg.prism.NGNode.render(Lcom/sun/prism/Graphics;)V+35 javafx.graphics
j  com.sun.javafx.tk.quantum.ViewPainter.doPaint(Lcom/sun/prism/Graphics;Lcom/sun/javafx/sg/prism/NodePath;)V+202 javafx.graphics
j  com.sun.javafx.tk.quantum.ViewPainter.paintImpl(Lcom/sun/prism/Graphics;)V+970 javafx.graphics
j  com.sun.javafx.tk.quantum.PresentingPainter.run()V+331 javafx.graphics
j  java.util.concurrent.Executors$RunnableAdapter.call()Ljava/lang/Object;+4 java.base@17.0.2
j  java.util.concurrent.FutureTask.runAndReset$$$capture()Z+44 java.base@17.0.2
j  java.util.concurrent.FutureTask.runAndReset()Z+5 java.base@17.0.2
j  com.sun.javafx.tk.RenderJob.run()V+1 javafx.graphics
j  java.util.concurrent.ThreadPoolExecutor.runWorker(Ljava/util/concurrent/ThreadPoolExecutor$Worker;)V+92 java.base@17.0.2
j  java.util.concurrent.ThreadPoolExecutor$Worker.run()V+5 java.base@17.0.2
j  com.sun.javafx.tk.quantum.QuantumRenderer$PipelineRunnable.run()V+8 javafx.graphics
j  java.lang.Thread.run()V+11 java.base@17.0.2
v  ~StubRoutines::call_stub

siginfo: EXCEPTION_ACCESS_VIOLATION (0xc0000005), data execution prevention violation at address 0x0000000000000000


Register to memory mapping:

RIP=0x0 is NULL
RAX=0x0 is NULL
RBX=0x0000000000001fa0 is an unknown value
RCX=0x000001e984bbbb70 points into unknown readable memory: 0x000001e9a6af9700 | 00 97 af a6 e9 01 00 00
RDX=0x0 is NULL
RSP=0x00000070b5ffcf28 is pointing into the stack for thread: 0x000001e9a42bdf40
RBP=0x00000070b5ffd110 is pointing into the stack for thread: 0x000001e9a42bdf40
RSI=0x0000000000000001 is an unknown value
RDI=0x000001e9a6af9320 points into unknown readable memory: 0x000001e9a6b14890 | 90 48 b1 a6 e9 01 00 00
R8 =0x000001e984a50e40 points into unknown readable memory: 0x000001e984a50cc0 | c0 0c a5 84 e9 01 00 00
R9 =0x0000000000000001 is an unknown value
R10=0x0000000000008000 is an unknown value
R11=0x00000070b5ffcec0 is pointing into the stack for thread: 0x000001e9a42bdf40
R12=0x000001e9a6ae6918 points into unknown readable memory: 0x000001e9af10af0c | 0c af 10 af e9 01 00 00
R13=0x000001e9a54a1d10 points into unknown readable memory: 0x000001e9a5f00035 | 35 00 f0 a5 e9 01 00 00
R14=0x000001e984bbeb48 points into unknown readable memory: 0x00007ffe026c9c08 | 08 9c 6c 02 fe 7f 00 00
R15=0x000001e9a6ae6878 points into unknown readable memory: 0x000001e9a6afa270 | 70 a2 af a6 e9 01 00 00


Registers:
RAX=0x0000000000000000, RBX=0x0000000000001fa0, RCX=0x000001e984bbbb70, RDX=0x0000000000000000
RSP=0x00000070b5ffcf28, RBP=0x00000070b5ffd110, RSI=0x0000000000000001, RDI=0x000001e9a6af9320
R8 =0x000001e984a50e40, R9 =0x0000000000000001, R10=0x0000000000008000, R11=0x00000070b5ffcec0
R12=0x000001e9a6ae6918, R13=0x000001e9a54a1d10, R14=0x000001e984bbeb48, R15=0x000001e9a6ae6878
RIP=0x0000000000000000, EFLAGS=0x0000000000010206

Top of Stack: (sp=0x00000070b5ffcf28)
0x00000070b5ffcf28:   00007ffe025b778d 000001e9a6af9320
0x00000070b5ffcf38:   0000000000000001 fffffffffffffffe
0x00000070b5ffcf48:   000001e984bbeb48 fffffffffffffffe
0x00000070b5ffcf58:   00007ffe025b8dc8 000001e9a6af9328
0x00000070b5ffcf68:   00007ffe025b76e8 00000004000000f7
0x00000070b5ffcf78:   000001e984bb0000 ffffffff00001fa0
0x00000070b5ffcf88:   0000000000001fa0 000001e9a6b05480
0x00000070b5ffcf98:   00007ffe025b8ec2 000001e9a6af9328
0x00000070b5ffcfa8:   000001e9a6b05480 00000070b5ffd100
0x00000070b5ffcfb8:   0000000000000001 fffffffffffffffe
0x00000070b5ffcfc8:   00000070b5ffd090 000001e9a6b05480
0x00000070b5ffcfd8:   00007ffe025b92e4 000001e9a6b05480
0x00000070b5ffcfe8:   0000000000000001 0000000000000000
0x00000070b5ffcff8:   0000000000000001 0000000000000000
0x00000070b5ffd008:   00007ffe025fd0db 000001e9a6b147d0
0x00000070b5ffd018:   00000070b5ffd060 000001e984bbeb48 

Instructions: (pc=0x0000000000000000)
0xffffffffffffff00:   


Stack slot to memory mapping:
stack at sp + 0 slots: 0x00007ffe025b778d dwrite.dll
stack at sp + 1 slots: 0x000001e9a6af9320 points into unknown readable memory: 0x000001e9a6b14890 | 90 48 b1 a6 e9 01 00 00
stack at sp + 2 slots: 0x0000000000000001 is an unknown value
stack at sp + 3 slots: 0xfffffffffffffffe is an unknown value
stack at sp + 4 slots: 0x000001e984bbeb48 points into unknown readable memory: 0x00007ffe026c9c08 | 08 9c 6c 02 fe 7f 00 00
stack at sp + 5 slots: 0xfffffffffffffffe is an unknown value
stack at sp + 6 slots: 0x00007ffe025b8dc8 dwrite.dll
stack at sp + 7 slots: 0x000001e9a6af9328 points into unknown readable memory: 0x000001e9a6b14890 | 90 48 b1 a6 e9 01 00 00


---------------  P R O C E S S  ---------------

Threads class SMR info:
_java_thread_list=0x000001e9a67fdcd0, length=23, elements={
0x000001e984ab4460, 0x000001e9a42aa300, 0x000001e9a42ad180, 0x000001e9a42bfc20,
0x000001e9a42be8e0, 0x000001e9a42bda70, 0x000001e9a42bcc00, 0x000001e9a42c6f00,
0x000001e9a42cb640, 0x000001e9a43082e0, 0x000001e9a42bd0d0, 0x000001e9a5790c80,
0x000001e9a42c00f0, 0x000001e9a42bd5a0, 0x000001e9a42bdf40, 0x000001e9a42bf280,
0x000001e9a42bc730, 0x000001e9a5d379f0, 0x000001e9a5d37ec0, 0x000001e9a5d361e0,
0x000001e9a5d38d30, 0x000001e9a5d39200, 0x000001e9a5d39ba0
}

Java Threads: ( => current thread )
  0x000001e984ab4460 JavaThread "main" [_thread_blocked, id=16704, stack(0x00000070b4400000,0x00000070b4500000)]
  0x000001e9a42aa300 JavaThread "Reference Handler" daemon [_thread_blocked, id=10148, stack(0x00000070b4b00000,0x00000070b4c00000)]
  0x000001e9a42ad180 JavaThread "Finalizer" daemon [_thread_blocked, id=5560, stack(0x00000070b4c00000,0x00000070b4d00000)]
  0x000001e9a42bfc20 JavaThread "Signal Dispatcher" daemon [_thread_blocked, id=17060, stack(0x00000070b4d00000,0x00000070b4e00000)]
  0x000001e9a42be8e0 JavaThread "Attach Listener" daemon [_thread_blocked, id=3684, stack(0x00000070b4e00000,0x00000070b4f00000)]
  0x000001e9a42bda70 JavaThread "Service Thread" daemon [_thread_blocked, id=7724, stack(0x00000070b4f00000,0x00000070b5000000)]
  0x000001e9a42bcc00 JavaThread "Monitor Deflation Thread" daemon [_thread_blocked, id=7144, stack(0x00000070b5000000,0x00000070b5100000)]
  0x000001e9a42c6f00 JavaThread "C2 CompilerThread0" daemon [_thread_blocked, id=15804, stack(0x00000070b5100000,0x00000070b5200000)]
  0x000001e9a42cb640 JavaThread "C1 CompilerThread0" daemon [_thread_blocked, id=2080, stack(0x00000070b5200000,0x00000070b5300000)]
  0x000001e9a43082e0 JavaThread "Sweeper thread" daemon [_thread_blocked, id=2004, stack(0x00000070b5300000,0x00000070b5400000)]
  0x000001e9a42bd0d0 JavaThread "Common-Cleaner" daemon [_thread_blocked, id=7844, stack(0x00000070b5400000,0x00000070b5500000)]
  0x000001e9a5790c80 JavaThread "JDWP Event Helper Thread" daemon [_thread_blocked, id=17596, stack(0x00000070b5700000,0x00000070b5800000)]
  0x000001e9a42c00f0 JavaThread "Notification Thread" daemon [_thread_blocked, id=12568, stack(0x00000070b5900000,0x00000070b5a00000)]
  0x000001e9a42bd5a0 JavaThread "JavaFX-Launcher" [_thread_blocked, id=988, stack(0x00000070b5b00000,0x00000070b5c00000)]
=>0x000001e9a42bdf40 JavaThread "QuantumRenderer-0" daemon [_thread_in_native, id=17260, stack(0x00000070b5f00000,0x00000070b6000000)]
  0x000001e9a42bf280 JavaThread "InvokeLaterDispatcher" daemon [_thread_blocked, id=2468, stack(0x00000070b6100000,0x00000070b6200000)]
  0x000001e9a42bc730 JavaThread "JavaFX Application Thread" [_thread_in_native, id=12640, stack(0x00000070b6200000,0x00000070b6300000)]
  0x000001e9a5d379f0 JavaThread "Thread-2" daemon [_thread_in_native, id=9780, stack(0x00000070b5500000,0x00000070b5600000)]
  0x000001e9a5d37ec0 JavaThread "Prism Font Disposer" daemon [_thread_blocked, id=6480, stack(0x00000070b6410000,0x00000070b6510000)]
  0x000001e9a5d361e0 JavaThread "JFXMedia Player EventQueueThread" daemon [_thread_blocked, id=5480, stack(0x00000070b6a10000,0x00000070b6b10000)]
  0x000001e9a5d38d30 JavaThread "Media Resource Disposer" daemon [_thread_blocked, id=7892, stack(0x00000070b5600000,0x00000070b5700000)]
  0x000001e9a5d39200 JavaThread "Timer-0" daemon [_thread_blocked, id=5184, stack(0x00000070b5800000,0x00000070b5900000)]
  0x000001e9a5d39ba0 JavaThread "SIGINT handler" daemon [_thread_blocked, id=752, stack(0x00000070b7330000,0x00000070b7430000)]

Other Threads:
  0x000001e9a42a2b50 VMThread "VM Thread" [stack: 0x00000070b4a00000,0x00000070b4b00000] [id=2928] _threads_hazard_ptr=0x000001e9a67fdcd0
  0x000001e984af4bc0 GCTaskThread "GC Thread#0" [stack: 0x00000070b4500000,0x00000070b4600000] [id=12924]
  0x000001e9a625ca20 GCTaskThread "GC Thread#1" [stack: 0x00000070b5c00000,0x00000070b5d00000] [id=16316]
  0x000001e9a637dd10 GCTaskThread "GC Thread#2" [stack: 0x00000070b5d00000,0x00000070b5e00000] [id=7408]
  0x000001e9a61e96f0 GCTaskThread "GC Thread#3" [stack: 0x00000070b5e00000,0x00000070b5f00000] [id=15504]
  0x000001e984b069d0 ConcurrentGCThread "G1 Main Marker" terminated
  0x000001e984b07b80 ConcurrentGCThread "G1 Conc#0" [stack: 0x00000070b4700000,0x00000070b4800000] [id=16088]
  0x000001e984b7ec00 ConcurrentGCThread "G1 Refine#0" terminated
  0x000001e9ab21e8b0 ConcurrentGCThread "G1 Refine#1" terminated
  0x000001e984b7f620 ConcurrentGCThread "G1 Service" terminated

Threads with active compile tasks:

VM state: at safepoint (normal execution)

VM Mutex/Monitor currently owned by a thread:  ([mutex/lock_event])
[0x000001e984ab0340] Threads_lock - owner thread: 0x000001e9a42a2b50
[0x000001e984ab0fa0] Heap_lock - owner thread: 0x000001e9a5d39ba0

Heap address: 0x0000000080a00000, size: 2038 MB, Compressed Oops mode: 32-bit

CDS archive(s) mapped at: [0x0000000800000000-0x0000000800bc0000-0x0000000800bc0000), size 12320768, SharedBaseAddress: 0x0000000800000000, ArchiveRelocationMode: 0.
Compressed class space mapped at: 0x0000000800c00000-0x0000000840c00000, reserved size: 1073741824
Narrow klass base: 0x0000000800000000, Narrow klass shift: 0, Narrow klass range: 0x100000000

GC Precious Log:
 CPUs: 4 total, 4 available
 Memory: 8146M
 Large Page Support: Disabled
 NUMA Support: Disabled
 Compressed Oops: Enabled (32-bit)
 Heap Region Size: 1M
 Heap Min Capacity: 8M
 Heap Initial Capacity: 128M
 Heap Max Capacity: 2038M
 Pre-touch: Disabled
 Parallel Workers: 4
 Concurrent Workers: 1
 Concurrent Refinement Workers: 4
 Periodic GC: Disabled

Heap:
 garbage-first heap   total 293888K, used 196380K [0x0000000080a00000, 0x0000000100000000)
  region size 1024K, 21 young (21504K), 2 survivors (2048K)
 Metaspace       used 14532K, committed 14784K, reserved 1064960K
  class space    used 2050K, committed 2176K, reserved 1048576K

Heap Regions: E=young(eden), S=young(survivor), O=old, HS=humongous(starts), HC=humongous(continues), CS=collection set, F=free, OA=open archive, CA=closed archive, TAMS=top-at-mark-start (previous, next)
|   0|0x0000000080a00000, 0x0000000080ac7200, 0x0000000080b00000| 77%| O|  |TAMS 0x0000000080a00000, 0x0000000080a00000| Untracked 
|   1|0x0000000080b00000, 0x0000000080c00000, 0x0000000080c00000|100%| O|  |TAMS 0x0000000080c00000, 0x0000000080b00000| Untracked 
|   2|0x0000000080c00000, 0x0000000080d00000, 0x0000000080d00000|100%|HS|  |TAMS 0x0000000080d00000, 0x0000000080c00000| Complete 
|   3|0x0000000080d00000, 0x0000000080e00000, 0x0000000080e00000|100%|HC|  |TAMS 0x0000000080e00000, 0x0000000080d00000| Complete 
|   4|0x0000000080e00000, 0x0000000080f00000, 0x0000000080f00000|100%|HC|  |TAMS 0x0000000080f00000, 0x0000000080e00000| Complete 
|   5|0x0000000080f00000, 0x0000000081000000, 0x0000000081000000|100%|HS|  |TAMS 0x0000000081000000, 0x0000000080f00000| Complete 
|   6|0x0000000081000000, 0x0000000081100000, 0x0000000081100000|100%|HC|  |TAMS 0x0000000081100000, 0x0000000081000000| Complete 
|   7|0x0000000081100000, 0x0000000081200000, 0x0000000081200000|100%|HC|  |TAMS 0x0000000081200000, 0x0000000081100000| Complete 
|   8|0x0000000081200000, 0x0000000081300000, 0x0000000081300000|100%|HS|  |TAMS 0x0000000081300000, 0x0000000081200000| Complete 
|   9|0x0000000081300000, 0x0000000081400000, 0x0000000081400000|100%|HC|  |TAMS 0x0000000081400000, 0x0000000081300000| Complete 
|  10|0x0000000081400000, 0x0000000081500000, 0x0000000081500000|100%|HC|  |TAMS 0x0000000081500000, 0x0000000081400000| Complete 
|  11|0x0000000081500000, 0x0000000081600000, 0x0000000081600000|100%|HC|  |TAMS 0x0000000081600000, 0x0000000081500000| Complete 
|  12|0x0000000081600000, 0x0000000081700000, 0x0000000081700000|100%|HC|  |TAMS 0x0000000081700000, 0x0000000081600000| Complete 
|  13|0x0000000081700000, 0x0000000081800000, 0x0000000081800000|100%|HC|  |TAMS 0x0000000081800000, 0x0000000081700000| Complete 
|  14|0x0000000081800000, 0x0000000081900000, 0x0000000081900000|100%|HC|  |TAMS 0x0000000081900000, 0x0000000081800000| Complete 
|  15|0x0000000081900000, 0x0000000081a00000, 0x0000000081a00000|100%|HC|  |TAMS 0x0000000081a00000, 0x0000000081900000| Complete 
|  16|0x0000000081a00000, 0x0000000081b00000, 0x0000000081b00000|100%|HC|  |TAMS 0x0000000081b00000, 0x0000000081a00000| Complete 
|  17|0x0000000081b00000, 0x0000000081c00000, 0x0000000081c00000|100%|HC|  |TAMS 0x0000000081c00000, 0x0000000081b00000| Complete 
|  18|0x0000000081c00000, 0x0000000081d00000, 0x0000000081d00000|100%|HC|  |TAMS 0x0000000081d00000, 0x0000000081c00000| Complete 
|  19|0x0000000081d00000, 0x0000000081e00000, 0x0000000081e00000|100%|HC|  |TAMS 0x0000000081e00000, 0x0000000081d00000| Complete 
|  20|0x0000000081e00000, 0x0000000081f00000, 0x0000000081f00000|100%|HC|  |TAMS 0x0000000081f00000, 0x0000000081e00000| Complete 
|  21|0x0000000081f00000, 0x0000000082000000, 0x0000000082000000|100%|HC|  |TAMS 0x0000000082000000, 0x0000000081f00000| Complete 
|  22|0x0000000082000000, 0x0000000082100000, 0x0000000082100000|100%|HC|  |TAMS 0x0000000082100000, 0x0000000082000000| Complete 
|  23|0x0000000082100000, 0x0000000082200000, 0x0000000082200000|100%|HC|  |TAMS 0x0000000082200000, 0x0000000082100000| Complete 
|  24|0x0000000082200000, 0x0000000082300000, 0x0000000082300000|100%|HC|  |TAMS 0x0000000082300000, 0x0000000082200000| Complete 
|  25|0x0000000082300000, 0x0000000082400000, 0x0000000082400000|100%|HC|  |TAMS 0x0000000082400000, 0x0000000082300000| Complete 
|  26|0x0000000082400000, 0x0000000082500000, 0x0000000082500000|100%|HC|  |TAMS 0x0000000082500000, 0x0000000082400000| Complete 
|  27|0x0000000082500000, 0x0000000082600000, 0x0000000082600000|100%|HC|  |TAMS 0x0000000082600000, 0x0000000082500000| Complete 
|  28|0x0000000082600000, 0x0000000082700000, 0x0000000082700000|100%|HC|  |TAMS 0x0000000082700000, 0x0000000082600000| Complete 
|  29|0x0000000082700000, 0x0000000082800000, 0x0000000082800000|100%|HC|  |TAMS 0x0000000082800000, 0x0000000082700000| Complete 
|  30|0x0000000082800000, 0x0000000082900000, 0x0000000082900000|100%|HC|  |TAMS 0x0000000082900000, 0x0000000082800000| Complete 
|  31|0x0000000082900000, 0x0000000082a00000, 0x0000000082a00000|100%|HC|  |TAMS 0x0000000082a00000, 0x0000000082900000| Complete 
|  32|0x0000000082a00000, 0x0000000082b00000, 0x0000000082b00000|100%|HC|  |TAMS 0x0000000082b00000, 0x0000000082a00000| Complete 
|  33|0x0000000082b00000, 0x0000000082c00000, 0x0000000082c00000|100%|HC|  |TAMS 0x0000000082c00000, 0x0000000082b00000| Complete 
|  34|0x0000000082c00000, 0x0000000082d00000, 0x0000000082d00000|100%|HC|  |TAMS 0x0000000082d00000, 0x0000000082c00000| Complete 
|  35|0x0000000082d00000, 0x0000000082e00000, 0x0000000082e00000|100%|HS|  |TAMS 0x0000000082e00000, 0x0000000082d00000| Complete 
|  36|0x0000000082e00000, 0x0000000082f00000, 0x0000000082f00000|100%|HC|  |TAMS 0x0000000082f00000, 0x0000000082e00000| Complete 
|  37|0x0000000082f00000, 0x0000000083000000, 0x0000000083000000|100%|HS|  |TAMS 0x0000000083000000, 0x0000000082f00000| Complete 
|  38|0x0000000083000000, 0x0000000083100000, 0x0000000083100000|100%|HC|  |TAMS 0x0000000083100000, 0x0000000083000000| Complete 
|  39|0x0000000083100000, 0x0000000083200000, 0x0000000083200000|100%|HS|  |TAMS 0x0000000083200000, 0x0000000083100000| Complete 
|  40|0x0000000083200000, 0x0000000083300000, 0x0000000083300000|100%|HC|  |TAMS 0x0000000083300000, 0x0000000083200000| Complete 
|  41|0x0000000083300000, 0x0000000083400000, 0x0000000083400000|100%|HC|  |TAMS 0x0000000083400000, 0x0000000083300000| Complete 
|  42|0x0000000083400000, 0x0000000083500000, 0x0000000083500000|100%|HS|  |TAMS 0x0000000083500000, 0x0000000083400000| Complete 
|  43|0x0000000083500000, 0x0000000083600000, 0x0000000083600000|100%|HC|  |TAMS 0x0000000083600000, 0x0000000083500000| Complete 
|  44|0x0000000083600000, 0x0000000083700000, 0x0000000083700000|100%|HC|  |TAMS 0x0000000083700000, 0x0000000083600000| Complete 
|  45|0x0000000083700000, 0x0000000083800000, 0x0000000083800000|100%|HC|  |TAMS 0x0000000083800000, 0x0000000083700000| Complete 
|  46|0x0000000083800000, 0x0000000083900000, 0x0000000083900000|100%|HC|  |TAMS 0x0000000083900000, 0x0000000083800000| Complete 
|  47|0x0000000083900000, 0x0000000083a00000, 0x0000000083a00000|100%|HC|  |TAMS 0x0000000083a00000, 0x0000000083900000| Complete 
|  48|0x0000000083a00000, 0x0000000083b00000, 0x0000000083b00000|100%|HC|  |TAMS 0x0000000083b00000, 0x0000000083a00000| Complete 
|  49|0x0000000083b00000, 0x0000000083c00000, 0x0000000083c00000|100%|HC|  |TAMS 0x0000000083c00000, 0x0000000083b00000| Complete 
|  50|0x0000000083c00000, 0x0000000083d00000, 0x0000000083d00000|100%|HC|  |TAMS 0x0000000083d00000, 0x0000000083c00000| Complete 
|  51|0x0000000083d00000, 0x0000000083e00000, 0x0000000083e00000|100%|HC|  |TAMS 0x0000000083e00000, 0x0000000083d00000| Complete 
|  52|0x0000000083e00000, 0x0000000083f00000, 0x0000000083f00000|100%|HC|  |TAMS 0x0000000083f00000, 0x0000000083e00000| Complete 
|  53|0x0000000083f00000, 0x0000000084000000, 0x0000000084000000|100%|HC|  |TAMS 0x0000000084000000, 0x0000000083f00000| Complete 
|  54|0x0000000084000000, 0x0000000084100000, 0x0000000084100000|100%|HC|  |TAMS 0x0000000084100000, 0x0000000084000000| Complete 
|  55|0x0000000084100000, 0x0000000084200000, 0x0000000084200000|100%|HC|  |TAMS 0x0000000084200000, 0x0000000084100000| Complete 
|  56|0x0000000084200000, 0x0000000084300000, 0x0000000084300000|100%|HC|  |TAMS 0x0000000084300000, 0x0000000084200000| Complete 
|  57|0x0000000084300000, 0x0000000084400000, 0x0000000084400000|100%|HC|  |TAMS 0x0000000084400000, 0x0000000084300000| Complete 
|  58|0x0000000084400000, 0x0000000084500000, 0x0000000084500000|100%|HC|  |TAMS 0x0000000084500000, 0x0000000084400000| Complete 
|  59|0x0000000084500000, 0x0000000084600000, 0x0000000084600000|100%|HC|  |TAMS 0x0000000084600000, 0x0000000084500000| Complete 
|  60|0x0000000084600000, 0x0000000084700000, 0x0000000084700000|100%|HC|  |TAMS 0x0000000084700000, 0x0000000084600000| Complete 
|  61|0x0000000084700000, 0x0000000084800000, 0x0000000084800000|100%|HC|  |TAMS 0x0000000084800000, 0x0000000084700000| Complete 
|  62|0x0000000084800000, 0x0000000084900000, 0x0000000084900000|100%|HC|  |TAMS 0x0000000084900000, 0x0000000084800000| Complete 
|  63|0x0000000084900000, 0x0000000084a00000, 0x0000000084a00000|100%|HC|  |TAMS 0x0000000084a00000, 0x0000000084900000| Complete 
|  64|0x0000000084a00000, 0x0000000084b00000, 0x0000000084b00000|100%|HC|  |TAMS 0x0000000084b00000, 0x0000000084a00000| Complete 
|  65|0x0000000084b00000, 0x0000000084c00000, 0x0000000084c00000|100%|HC|  |TAMS 0x0000000084c00000, 0x0000000084b00000| Complete 
|  66|0x0000000084c00000, 0x0000000084d00000, 0x0000000084d00000|100%|HS|  |TAMS 0x0000000084d00000, 0x0000000084c00000| Complete 
|  67|0x0000000084d00000, 0x0000000084e00000, 0x0000000084e00000|100%|HC|  |TAMS 0x0000000084e00000, 0x0000000084d00000| Complete 
|  68|0x0000000084e00000, 0x0000000084f00000, 0x0000000084f00000|100%|HS|  |TAMS 0x0000000084f00000, 0x0000000084e00000| Complete 
|  69|0x0000000084f00000, 0x0000000085000000, 0x0000000085000000|100%|HC|  |TAMS 0x0000000085000000, 0x0000000084f00000| Complete 
|  70|0x0000000085000000, 0x0000000085100000, 0x0000000085100000|100%|HC|  |TAMS 0x0000000085100000, 0x0000000085000000| Complete 
|  71|0x0000000085100000, 0x0000000085200000, 0x0000000085200000|100%|HS|  |TAMS 0x0000000085200000, 0x0000000085100000| Complete 
|  72|0x0000000085200000, 0x0000000085300000, 0x0000000085300000|100%|HC|  |TAMS 0x0000000085300000, 0x0000000085200000| Complete 
|  73|0x0000000085300000, 0x0000000085400000, 0x0000000085400000|100%|HC|  |TAMS 0x0000000085400000, 0x0000000085300000| Complete 
|  74|0x0000000085400000, 0x0000000085500000, 0x0000000085500000|100%|HS|  |TAMS 0x0000000085500000, 0x0000000085400000| Complete 
|  75|0x0000000085500000, 0x0000000085600000, 0x0000000085600000|100%|HS|  |TAMS 0x0000000085600000, 0x0000000085500000| Complete 
|  76|0x0000000085600000, 0x0000000085700000, 0x0000000085700000|100%|HC|  |TAMS 0x0000000085700000, 0x0000000085600000| Complete 
|  77|0x0000000085700000, 0x0000000085800000, 0x0000000085800000|100%|HC|  |TAMS 0x0000000085800000, 0x0000000085700000| Complete 
|  78|0x0000000085800000, 0x0000000085900000, 0x0000000085900000|100%|HC|  |TAMS 0x0000000085900000, 0x0000000085800000| Complete 
|  79|0x0000000085900000, 0x0000000085a00000, 0x0000000085a00000|100%|HC|  |TAMS 0x0000000085a00000, 0x0000000085900000| Complete 
|  80|0x0000000085a00000, 0x0000000085b00000, 0x0000000085b00000|100%|HC|  |TAMS 0x0000000085b00000, 0x0000000085a00000| Complete 
|  81|0x0000000085b00000, 0x0000000085c00000, 0x0000000085c00000|100%|HC|  |TAMS 0x0000000085c00000, 0x0000000085b00000| Complete 
|  82|0x0000000085c00000, 0x0000000085d00000, 0x0000000085d00000|100%|HC|  |TAMS 0x0000000085d00000, 0x0000000085c00000| Complete 
|  83|0x0000000085d00000, 0x0000000085e00000, 0x0000000085e00000|100%|HC|  |TAMS 0x0000000085e00000, 0x0000000085d00000| Complete 
|  84|0x0000000085e00000, 0x0000000085f00000, 0x0000000085f00000|100%|HC|  |TAMS 0x0000000085f00000, 0x0000000085e00000| Complete 
|  85|0x0000000085f00000, 0x0000000086000000, 0x0000000086000000|100%|HC|  |TAMS 0x0000000086000000, 0x0000000085f00000| Complete 
|  86|0x0000000086000000, 0x0000000086100000, 0x0000000086100000|100%|HC|  |TAMS 0x0000000086100000, 0x0000000086000000| Complete 
|  87|0x0000000086100000, 0x0000000086200000, 0x0000000086200000|100%|HC|  |TAMS 0x0000000086200000, 0x0000000086100000| Complete 
|  88|0x0000000086200000, 0x0000000086300000, 0x0000000086300000|100%|HC|  |TAMS 0x0000000086300000, 0x0000000086200000| Complete 
|  89|0x0000000086300000, 0x0000000086400000, 0x0000000086400000|100%|HC|  |TAMS 0x0000000086400000, 0x0000000086300000| Complete 
|  90|0x0000000086400000, 0x0000000086500000, 0x0000000086500000|100%|HC|  |TAMS 0x0000000086500000, 0x0000000086400000| Complete 
|  91|0x0000000086500000, 0x0000000086600000, 0x0000000086600000|100%|HC|  |TAMS 0x0000000086600000, 0x0000000086500000| Complete 
|  92|0x0000000086600000, 0x0000000086700000, 0x0000000086700000|100%|HC|  |TAMS 0x0000000086700000, 0x0000000086600000| Complete 
|  93|0x0000000086700000, 0x0000000086800000, 0x0000000086800000|100%|HC|  |TAMS 0x0000000086800000, 0x0000000086700000| Complete 
|  94|0x0000000086800000, 0x0000000086900000, 0x0000000086900000|100%|HC|  |TAMS 0x0000000086900000, 0x0000000086800000| Complete 
|  95|0x0000000086900000, 0x0000000086a00000, 0x0000000086a00000|100%|HC|  |TAMS 0x0000000086a00000, 0x0000000086900000| Complete 
|  96|0x0000000086a00000, 0x0000000086b00000, 0x0000000086b00000|100%|HC|  |TAMS 0x0000000086b00000, 0x0000000086a00000| Complete 
|  97|0x0000000086b00000, 0x0000000086c00000, 0x0000000086c00000|100%|HC|  |TAMS 0x0000000086c00000, 0x0000000086b00000| Complete 
|  98|0x0000000086c00000, 0x0000000086d00000, 0x0000000086d00000|100%|HS|  |TAMS 0x0000000086d00000, 0x0000000086c00000| Complete 
|  99|0x0000000086d00000, 0x0000000086e00000, 0x0000000086e00000|100%|HC|  |TAMS 0x0000000086e00000, 0x0000000086d00000| Complete 
| 100|0x0000000086e00000, 0x0000000086f00000, 0x0000000086f00000|100%|HC|  |TAMS 0x0000000086f00000, 0x0000000086e00000| Complete 
| 101|0x0000000086f00000, 0x0000000087000000, 0x0000000087000000|100%|HS|  |TAMS 0x0000000087000000, 0x0000000086f00000| Complete 
| 102|0x0000000087000000, 0x0000000087100000, 0x0000000087100000|100%|HC|  |TAMS 0x0000000087100000, 0x0000000087000000| Complete 
| 103|0x0000000087100000, 0x0000000087200000, 0x0000000087200000|100%|HC|  |TAMS 0x0000000087200000, 0x0000000087100000| Complete 
| 104|0x0000000087200000, 0x0000000087300000, 0x0000000087300000|100%|HC|  |TAMS 0x0000000087300000, 0x0000000087200000| Complete 
| 105|0x0000000087300000, 0x0000000087400000, 0x0000000087400000|100%|HC|  |TAMS 0x0000000087400000, 0x0000000087300000| Complete 
| 106|0x0000000087400000, 0x0000000087500000, 0x0000000087500000|100%|HC|  |TAMS 0x0000000087500000, 0x0000000087400000| Complete 
| 107|0x0000000087500000, 0x0000000087600000, 0x0000000087600000|100%|HS|  |TAMS 0x0000000087600000, 0x0000000087500000| Complete 
| 108|0x0000000087600000, 0x0000000087700000, 0x0000000087700000|100%|HC|  |TAMS 0x0000000087700000, 0x0000000087600000| Complete 
| 109|0x0000000087700000, 0x0000000087800000, 0x0000000087800000|100%|HC|  |TAMS 0x0000000087800000, 0x0000000087700000| Complete 
| 110|0x0000000087800000, 0x0000000087900000, 0x0000000087900000|100%|HC|  |TAMS 0x0000000087900000, 0x0000000087800000| Complete 
| 111|0x0000000087900000, 0x0000000087a00000, 0x0000000087a00000|100%|HC|  |TAMS 0x0000000087a00000, 0x0000000087900000| Complete 
| 112|0x0000000087a00000, 0x0000000087b00000, 0x0000000087b00000|100%|HC|  |TAMS 0x0000000087b00000, 0x0000000087a00000| Complete 
| 113|0x0000000087b00000, 0x0000000087c00000, 0x0000000087c00000|100%|HS|  |TAMS 0x0000000087c00000, 0x0000000087b00000| Complete 
| 114|0x0000000087c00000, 0x0000000087d00000, 0x0000000087d00000|100%|HC|  |TAMS 0x0000000087d00000, 0x0000000087c00000| Complete 
| 115|0x0000000087d00000, 0x0000000087e00000, 0x0000000087e00000|100%| O|  |TAMS 0x0000000087e00000, 0x0000000087d00000| Untracked 
| 116|0x0000000087e00000, 0x0000000087e00000, 0x0000000087f00000|  0%| F|  |TAMS 0x0000000087e00000, 0x0000000087e00000| Untracked 
| 117|0x0000000087f00000, 0x0000000088000000, 0x0000000088000000|100%| O|  |TAMS 0x0000000088000000, 0x0000000087f00000| Untracked 
| 118|0x0000000088000000, 0x0000000088100000, 0x0000000088100000|100%|HS|  |TAMS 0x0000000088000000, 0x0000000088000000| Complete 
| 119|0x0000000088100000, 0x0000000088200000, 0x0000000088200000|100%|HC|  |TAMS 0x0000000088100000, 0x0000000088100000| Complete 
| 120|0x0000000088200000, 0x0000000088200000, 0x0000000088300000|  0%| F|  |TAMS 0x0000000088200000, 0x0000000088200000| Untracked 
| 121|0x0000000088300000, 0x0000000088300000, 0x0000000088400000|  0%| F|  |TAMS 0x0000000088300000, 0x0000000088300000| Untracked 
| 122|0x0000000088400000, 0x0000000088500000, 0x0000000088500000|100%|HS|  |TAMS 0x0000000088500000, 0x0000000088400000| Complete 
| 123|0x0000000088500000, 0x0000000088600000, 0x0000000088600000|100%|HC|  |TAMS 0x0000000088600000, 0x0000000088500000| Complete 
| 124|0x0000000088600000, 0x0000000088700000, 0x0000000088700000|100%|HC|  |TAMS 0x0000000088700000, 0x0000000088600000| Complete 
| 125|0x0000000088700000, 0x0000000088800000, 0x0000000088800000|100%|HC|  |TAMS 0x0000000088800000, 0x0000000088700000| Complete 
| 126|0x0000000088800000, 0x0000000088900000, 0x0000000088900000|100%| O|  |TAMS 0x0000000088900000, 0x0000000088800000| Untracked 
| 127|0x0000000088900000, 0x0000000088a00000, 0x0000000088a00000|100%| O|  |TAMS 0x0000000088a00000, 0x0000000088900000| Untracked 
| 128|0x0000000088a00000, 0x0000000088b00000, 0x0000000088b00000|100%|HS|  |TAMS 0x0000000088b00000, 0x0000000088a00000| Complete 
| 129|0x0000000088b00000, 0x0000000088c00000, 0x0000000088c00000|100%|HC|  |TAMS 0x0000000088c00000, 0x0000000088b00000| Complete 
| 130|0x0000000088c00000, 0x0000000088d00000, 0x0000000088d00000|100%|HC|  |TAMS 0x0000000088d00000, 0x0000000088c00000| Complete 
| 131|0x0000000088d00000, 0x0000000088e00000, 0x0000000088e00000|100%|HC|  |TAMS 0x0000000088e00000, 0x0000000088d00000| Complete 
| 132|0x0000000088e00000, 0x0000000088f00000, 0x0000000088f00000|100%|HC|  |TAMS 0x0000000088f00000, 0x0000000088e00000| Complete 
| 133|0x0000000088f00000, 0x0000000089000000, 0x0000000089000000|100%|HC|  |TAMS 0x0000000089000000, 0x0000000088f00000| Complete 
| 134|0x0000000089000000, 0x0000000089100000, 0x0000000089100000|100%|HC|  |TAMS 0x0000000089100000, 0x0000000089000000| Complete 
| 135|0x0000000089100000, 0x0000000089200000, 0x0000000089200000|100%|HC|  |TAMS 0x0000000089200000, 0x0000000089100000| Complete 
| 136|0x0000000089200000, 0x0000000089300000, 0x0000000089300000|100%|HC|  |TAMS 0x0000000089300000, 0x0000000089200000| Complete 
| 137|0x0000000089300000, 0x0000000089400000, 0x0000000089400000|100%|HC|  |TAMS 0x0000000089400000, 0x0000000089300000| Complete 
| 138|0x0000000089400000, 0x0000000089500000, 0x0000000089500000|100%|HC|  |TAMS 0x0000000089500000, 0x0000000089400000| Complete 
| 139|0x0000000089500000, 0x0000000089600000, 0x0000000089600000|100%|HC|  |TAMS 0x0000000089600000, 0x0000000089500000| Complete 
| 140|0x0000000089600000, 0x0000000089700000, 0x0000000089700000|100%|HC|  |TAMS 0x0000000089700000, 0x0000000089600000| Complete 
| 141|0x0000000089700000, 0x0000000089800000, 0x0000000089800000|100%|HS|  |TAMS 0x0000000089800000, 0x0000000089700000| Complete 
| 142|0x0000000089800000, 0x0000000089900000, 0x0000000089900000|100%|HC|  |TAMS 0x0000000089900000, 0x0000000089800000| Complete 
| 143|0x0000000089900000, 0x0000000089a00000, 0x0000000089a00000|100%|HC|  |TAMS 0x0000000089a00000, 0x0000000089900000| Complete 
| 144|0x0000000089a00000, 0x0000000089b00000, 0x0000000089b00000|100%|HC|  |TAMS 0x0000000089b00000, 0x0000000089a00000| Complete 
| 145|0x0000000089b00000, 0x0000000089c00000, 0x0000000089c00000|100%|HC|  |TAMS 0x0000000089c00000, 0x0000000089b00000| Complete 
| 146|0x0000000089c00000, 0x0000000089d00000, 0x0000000089d00000|100%|HC|  |TAMS 0x0000000089d00000, 0x0000000089c00000| Complete 
| 147|0x0000000089d00000, 0x0000000089e00000, 0x0000000089e00000|100%|HC|  |TAMS 0x0000000089e00000, 0x0000000089d00000| Complete 
| 148|0x0000000089e00000, 0x0000000089f00000, 0x0000000089f00000|100%|HC|  |TAMS 0x0000000089f00000, 0x0000000089e00000| Complete 
| 149|0x0000000089f00000, 0x000000008a000000, 0x000000008a000000|100%|HC|  |TAMS 0x000000008a000000, 0x0000000089f00000| Complete 
| 150|0x000000008a000000, 0x000000008a100000, 0x000000008a100000|100%|HC|  |TAMS 0x000000008a100000, 0x000000008a000000| Complete 
| 151|0x000000008a100000, 0x000000008a200000, 0x000000008a200000|100%|HC|  |TAMS 0x000000008a200000, 0x000000008a100000| Complete 
| 152|0x000000008a200000, 0x000000008a300000, 0x000000008a300000|100%|HC|  |TAMS 0x000000008a300000, 0x000000008a200000| Complete 
| 153|0x000000008a300000, 0x000000008a400000, 0x000000008a400000|100%|HC|  |TAMS 0x000000008a400000, 0x000000008a300000| Complete 
| 154|0x000000008a400000, 0x000000008a500000, 0x000000008a500000|100%|HC|  |TAMS 0x000000008a500000, 0x000000008a400000| Complete 
| 155|0x000000008a500000, 0x000000008a600000, 0x000000008a600000|100%|HC|  |TAMS 0x000000008a600000, 0x000000008a500000| Complete 
| 156|0x000000008a600000, 0x000000008a700000, 0x000000008a700000|100%|HC|  |TAMS 0x000000008a700000, 0x000000008a600000| Complete 
| 157|0x000000008a700000, 0x000000008a800000, 0x000000008a800000|100%|HC|  |TAMS 0x000000008a800000, 0x000000008a700000| Complete 
| 158|0x000000008a800000, 0x000000008a900000, 0x000000008a900000|100%|HC|  |TAMS 0x000000008a900000, 0x000000008a800000| Complete 
| 159|0x000000008a900000, 0x000000008aa00000, 0x000000008aa00000|100%|HC|  |TAMS 0x000000008aa00000, 0x000000008a900000| Complete 
| 160|0x000000008aa00000, 0x000000008ab00000, 0x000000008ab00000|100%|HC|  |TAMS 0x000000008ab00000, 0x000000008aa00000| Complete 
| 161|0x000000008ab00000, 0x000000008ac00000, 0x000000008ac00000|100%|HC|  |TAMS 0x000000008ac00000, 0x000000008ab00000| Complete 
| 162|0x000000008ac00000, 0x000000008ad00000, 0x000000008ad00000|100%|HC|  |TAMS 0x000000008ad00000, 0x000000008ac00000| Complete 
| 163|0x000000008ad00000, 0x000000008ae00000, 0x000000008ae00000|100%|HC|  |TAMS 0x000000008ae00000, 0x000000008ad00000| Complete 
| 164|0x000000008ae00000, 0x000000008af00000, 0x000000008af00000|100%|HC|  |TAMS 0x000000008af00000, 0x000000008ae00000| Complete 
| 165|0x000000008af00000, 0x000000008b000000, 0x000000008b000000|100%|HC|  |TAMS 0x000000008b000000, 0x000000008af00000| Complete 
| 166|0x000000008b000000, 0x000000008b100000, 0x000000008b100000|100%|HC|  |TAMS 0x000000008b100000, 0x000000008b000000| Complete 
| 167|0x000000008b100000, 0x000000008b200000, 0x000000008b200000|100%|HC|  |TAMS 0x000000008b200000, 0x000000008b100000| Complete 
| 168|0x000000008b200000, 0x000000008b300000, 0x000000008b300000|100%|HC|  |TAMS 0x000000008b300000, 0x000000008b200000| Complete 
| 169|0x000000008b300000, 0x000000008b400000, 0x000000008b400000|100%|HC|  |TAMS 0x000000008b400000, 0x000000008b300000| Complete 
| 170|0x000000008b400000, 0x000000008b500000, 0x000000008b500000|100%|HC|  |TAMS 0x000000008b500000, 0x000000008b400000| Complete 
| 171|0x000000008b500000, 0x000000008b600000, 0x000000008b600000|100%|HC|  |TAMS 0x000000008b600000, 0x000000008b500000| Complete 
| 172|0x000000008b600000, 0x000000008b700000, 0x000000008b700000|100%|HS|  |TAMS 0x000000008b600000, 0x000000008b600000| Complete 
| 173|0x000000008b700000, 0x000000008b800000, 0x000000008b800000|100%|HC|  |TAMS 0x000000008b700000, 0x000000008b700000| Complete 
| 174|0x000000008b800000, 0x000000008b800000, 0x000000008b900000|  0%| F|  |TAMS 0x000000008b800000, 0x000000008b800000| Untracked 
| 175|0x000000008b900000, 0x000000008b900000, 0x000000008ba00000|  0%| F|  |TAMS 0x000000008b900000, 0x000000008b900000| Untracked 
| 176|0x000000008ba00000, 0x000000008ba00000, 0x000000008bb00000|  0%| F|  |TAMS 0x000000008ba00000, 0x000000008ba00000| Untracked 
| 177|0x000000008bb00000, 0x000000008bb00000, 0x000000008bc00000|  0%| F|  |TAMS 0x000000008bb00000, 0x000000008bb00000| Untracked 
| 178|0x000000008bc00000, 0x000000008bc00000, 0x000000008bd00000|  0%| F|  |TAMS 0x000000008bc00000, 0x000000008bc00000| Untracked 
| 179|0x000000008bd00000, 0x000000008bd00000, 0x000000008be00000|  0%| F|  |TAMS 0x000000008bd00000, 0x000000008bd00000| Untracked 
| 180|0x000000008be00000, 0x000000008be00000, 0x000000008bf00000|  0%| F|  |TAMS 0x000000008be00000, 0x000000008be00000| Untracked 
| 181|0x000000008bf00000, 0x000000008bf00000, 0x000000008c000000|  0%| F|  |TAMS 0x000000008bf00000, 0x000000008bf00000| Untracked 
| 182|0x000000008c000000, 0x000000008c000000, 0x000000008c100000|  0%| F|  |TAMS 0x000000008c000000, 0x000000008c000000| Untracked 
| 183|0x000000008c100000, 0x000000008c100000, 0x000000008c200000|  0%| F|  |TAMS 0x000000008c100000, 0x000000008c100000| Untracked 
| 184|0x000000008c200000, 0x000000008c200000, 0x000000008c300000|  0%| F|  |TAMS 0x000000008c200000, 0x000000008c200000| Untracked 
| 185|0x000000008c300000, 0x000000008c300000, 0x000000008c400000|  0%| F|  |TAMS 0x000000008c300000, 0x000000008c300000| Untracked 
| 186|0x000000008c400000, 0x000000008c400000, 0x000000008c500000|  0%| F|  |TAMS 0x000000008c400000, 0x000000008c400000| Untracked 
| 187|0x000000008c500000, 0x000000008c500000, 0x000000008c600000|  0%| F|  |TAMS 0x000000008c500000, 0x000000008c500000| Untracked 
| 188|0x000000008c600000, 0x000000008c600000, 0x000000008c700000|  0%| F|  |TAMS 0x000000008c600000, 0x000000008c600000| Untracked 
| 189|0x000000008c700000, 0x000000008c700000, 0x000000008c800000|  0%| F|  |TAMS 0x000000008c700000, 0x000000008c700000| Untracked 
| 190|0x000000008c800000, 0x000000008c800000, 0x000000008c900000|  0%| F|  |TAMS 0x000000008c800000, 0x000000008c800000| Untracked 
| 191|0x000000008c900000, 0x000000008c900000, 0x000000008ca00000|  0%| F|  |TAMS 0x000000008c900000, 0x000000008c900000| Untracked 
| 192|0x000000008ca00000, 0x000000008ca00000, 0x000000008cb00000|  0%| F|  |TAMS 0x000000008ca00000, 0x000000008ca00000| Untracked 
| 193|0x000000008cb00000, 0x000000008cb00000, 0x000000008cc00000|  0%| F|  |TAMS 0x000000008cb00000, 0x000000008cb00000| Untracked 
| 194|0x000000008cc00000, 0x000000008cc00000, 0x000000008cd00000|  0%| F|  |TAMS 0x000000008cc00000, 0x000000008cc00000| Untracked 
| 195|0x000000008cd00000, 0x000000008cd00000, 0x000000008ce00000|  0%| F|  |TAMS 0x000000008cd00000, 0x000000008cd00000| Untracked 
| 196|0x000000008ce00000, 0x000000008ce00000, 0x000000008cf00000|  0%| F|  |TAMS 0x000000008ce00000, 0x000000008ce00000| Untracked 
| 197|0x000000008cf00000, 0x000000008cf00000, 0x000000008d000000|  0%| F|  |TAMS 0x000000008cf00000, 0x000000008cf00000| Untracked 
| 198|0x000000008d000000, 0x000000008d000000, 0x000000008d100000|  0%| F|  |TAMS 0x000000008d000000, 0x000000008d000000| Untracked 
| 199|0x000000008d100000, 0x000000008d100000, 0x000000008d200000|  0%| F|  |TAMS 0x000000008d100000, 0x000000008d100000| Untracked 
| 200|0x000000008d200000, 0x000000008d200000, 0x000000008d300000|  0%| F|  |TAMS 0x000000008d200000, 0x000000008d200000| Untracked 
| 201|0x000000008d300000, 0x000000008d300000, 0x000000008d400000|  0%| F|  |TAMS 0x000000008d300000, 0x000000008d300000| Untracked 
| 202|0x000000008d400000, 0x000000008d400000, 0x000000008d500000|  0%| F|  |TAMS 0x000000008d400000, 0x000000008d400000| Untracked 
| 203|0x000000008d500000, 0x000000008d500000, 0x000000008d600000|  0%| F|  |TAMS 0x000000008d500000, 0x000000008d500000| Untracked 
| 204|0x000000008d600000, 0x000000008d600000, 0x000000008d700000|  0%| F|  |TAMS 0x000000008d600000, 0x000000008d600000| Untracked 
| 205|0x000000008d700000, 0x000000008d700000, 0x000000008d800000|  0%| F|  |TAMS 0x000000008d700000, 0x000000008d700000| Untracked 
| 206|0x000000008d800000, 0x000000008d800000, 0x000000008d900000|  0%| F|  |TAMS 0x000000008d800000, 0x000000008d800000| Untracked 
| 207|0x000000008d900000, 0x000000008d900000, 0x000000008da00000|  0%| F|  |TAMS 0x000000008d900000, 0x000000008d900000| Untracked 
| 208|0x000000008da00000, 0x000000008da00000, 0x000000008db00000|  0%| F|  |TAMS 0x000000008da00000, 0x000000008da00000| Untracked 
| 209|0x000000008db00000, 0x000000008db00000, 0x000000008dc00000|  0%| F|  |TAMS 0x000000008db00000, 0x000000008db00000| Untracked 
| 210|0x000000008dc00000, 0x000000008dc00000, 0x000000008dd00000|  0%| F|  |TAMS 0x000000008dc00000, 0x000000008dc00000| Untracked 
| 211|0x000000008dd00000, 0x000000008dd00000, 0x000000008de00000|  0%| F|  |TAMS 0x000000008dd00000, 0x000000008dd00000| Untracked 
| 212|0x000000008de00000, 0x000000008de00000, 0x000000008df00000|  0%| F|  |TAMS 0x000000008de00000, 0x000000008de00000| Untracked 
| 213|0x000000008df00000, 0x000000008df00000, 0x000000008e000000|  0%| F|  |TAMS 0x000000008df00000, 0x000000008df00000| Untracked 
| 214|0x000000008e000000, 0x000000008e000000, 0x000000008e100000|  0%| F|  |TAMS 0x000000008e000000, 0x000000008e000000| Untracked 
| 215|0x000000008e100000, 0x000000008e100000, 0x000000008e200000|  0%| F|  |TAMS 0x000000008e100000, 0x000000008e100000| Untracked 
| 216|0x000000008e200000, 0x000000008e200000, 0x000000008e300000|  0%| F|  |TAMS 0x000000008e200000, 0x000000008e200000| Untracked 
| 217|0x000000008e300000, 0x000000008e300000, 0x000000008e400000|  0%| F|  |TAMS 0x000000008e300000, 0x000000008e300000| Untracked 
| 218|0x000000008e400000, 0x000000008e400000, 0x000000008e500000|  0%| F|  |TAMS 0x000000008e400000, 0x000000008e400000| Untracked 
| 219|0x000000008e500000, 0x000000008e500000, 0x000000008e600000|  0%| F|  |TAMS 0x000000008e500000, 0x000000008e500000| Untracked 
| 220|0x000000008e600000, 0x000000008e600000, 0x000000008e700000|  0%| F|  |TAMS 0x000000008e600000, 0x000000008e600000| Untracked 
| 221|0x000000008e700000, 0x000000008e700000, 0x000000008e800000|  0%| F|  |TAMS 0x000000008e700000, 0x000000008e700000| Untracked 
| 222|0x000000008e800000, 0x000000008e800000, 0x000000008e900000|  0%| F|  |TAMS 0x000000008e800000, 0x000000008e800000| Untracked 
| 223|0x000000008e900000, 0x000000008e900000, 0x000000008ea00000|  0%| F|  |TAMS 0x000000008e900000, 0x000000008e900000| Untracked 
| 224|0x000000008ea00000, 0x000000008ea00000, 0x000000008eb00000|  0%| F|  |TAMS 0x000000008ea00000, 0x000000008ea00000| Untracked 
| 225|0x000000008eb00000, 0x000000008eb00000, 0x000000008ec00000|  0%| F|  |TAMS 0x000000008eb00000, 0x000000008eb00000| Untracked 
| 226|0x000000008ec00000, 0x000000008ec00000, 0x000000008ed00000|  0%| F|  |TAMS 0x000000008ec00000, 0x000000008ec00000| Untracked 
| 227|0x000000008ed00000, 0x000000008ed00000, 0x000000008ee00000|  0%| F|  |TAMS 0x000000008ed00000, 0x000000008ed00000| Untracked 
| 228|0x000000008ee00000, 0x000000008ee00000, 0x000000008ef00000|  0%| F|  |TAMS 0x000000008ee00000, 0x000000008ee00000| Untracked 
| 229|0x000000008ef00000, 0x000000008ef00000, 0x000000008f000000|  0%| F|  |TAMS 0x000000008ef00000, 0x000000008ef00000| Untracked 
| 230|0x000000008f000000, 0x000000008f000000, 0x000000008f100000|  0%| F|  |TAMS 0x000000008f000000, 0x000000008f000000| Untracked 
| 231|0x000000008f100000, 0x000000008f100000, 0x000000008f200000|  0%| F|  |TAMS 0x000000008f100000, 0x000000008f100000| Untracked 
| 232|0x000000008f200000, 0x000000008f200000, 0x000000008f300000|  0%| F|  |TAMS 0x000000008f200000, 0x000000008f200000| Untracked 
| 233|0x000000008f300000, 0x000000008f300000, 0x000000008f400000|  0%| F|  |TAMS 0x000000008f300000, 0x000000008f300000| Untracked 
| 234|0x000000008f400000, 0x000000008f400000, 0x000000008f500000|  0%| F|  |TAMS 0x000000008f400000, 0x000000008f400000| Untracked 
| 235|0x000000008f500000, 0x000000008f500000, 0x000000008f600000|  0%| F|  |TAMS 0x000000008f500000, 0x000000008f500000| Untracked 
| 236|0x000000008f600000, 0x000000008f600000, 0x000000008f700000|  0%| F|  |TAMS 0x000000008f600000, 0x000000008f600000| Untracked 
| 237|0x000000008f700000, 0x000000008f700000, 0x000000008f800000|  0%| F|  |TAMS 0x000000008f700000, 0x000000008f700000| Untracked 
| 238|0x000000008f800000, 0x000000008f800000, 0x000000008f900000|  0%| F|  |TAMS 0x000000008f800000, 0x000000008f800000| Untracked 
| 239|0x000000008f900000, 0x000000008f900000, 0x000000008fa00000|  0%| F|  |TAMS 0x000000008f900000, 0x000000008f900000| Untracked 
| 240|0x000000008fa00000, 0x000000008fa00000, 0x000000008fb00000|  0%| F|  |TAMS 0x000000008fa00000, 0x000000008fa00000| Untracked 
| 241|0x000000008fb00000, 0x000000008fb00000, 0x000000008fc00000|  0%| F|  |TAMS 0x000000008fb00000, 0x000000008fb00000| Untracked 
| 242|0x000000008fc00000, 0x000000008fc00000, 0x000000008fd00000|  0%| F|  |TAMS 0x000000008fc00000, 0x000000008fc00000| Untracked 
| 243|0x000000008fd00000, 0x000000008fd00000, 0x000000008fe00000|  0%| F|  |TAMS 0x000000008fd00000, 0x000000008fd00000| Untracked 
| 244|0x000000008fe00000, 0x000000008fe00000, 0x000000008ff00000|  0%| F|  |TAMS 0x000000008fe00000, 0x000000008fe00000| Untracked 
| 245|0x000000008ff00000, 0x000000008ff00000, 0x0000000090000000|  0%| F|  |TAMS 0x000000008ff00000, 0x000000008ff00000| Untracked 
| 246|0x0000000090000000, 0x0000000090000000, 0x0000000090100000|  0%| F|  |TAMS 0x0000000090000000, 0x0000000090000000| Untracked 
| 247|0x0000000090100000, 0x0000000090100000, 0x0000000090200000|  0%| F|  |TAMS 0x0000000090100000, 0x0000000090100000| Untracked 
| 248|0x0000000090200000, 0x0000000090200000, 0x0000000090300000|  0%| F|  |TAMS 0x0000000090200000, 0x0000000090200000| Untracked 
| 249|0x0000000090300000, 0x0000000090300000, 0x0000000090400000|  0%| F|  |TAMS 0x0000000090300000, 0x0000000090300000| Untracked 
| 250|0x0000000090400000, 0x0000000090400000, 0x0000000090500000|  0%| F|  |TAMS 0x0000000090400000, 0x0000000090400000| Untracked 
| 251|0x0000000090500000, 0x0000000090500000, 0x0000000090600000|  0%| F|  |TAMS 0x0000000090500000, 0x0000000090500000| Untracked 
| 252|0x0000000090600000, 0x0000000090600000, 0x0000000090700000|  0%| F|  |TAMS 0x0000000090600000, 0x0000000090600000| Untracked 
| 253|0x0000000090700000, 0x0000000090700000, 0x0000000090800000|  0%| F|  |TAMS 0x0000000090700000, 0x0000000090700000| Untracked 
| 254|0x0000000090800000, 0x0000000090800000, 0x0000000090900000|  0%| F|  |TAMS 0x0000000090800000, 0x0000000090800000| Untracked 
| 255|0x0000000090900000, 0x0000000090900000, 0x0000000090a00000|  0%| F|  |TAMS 0x0000000090900000, 0x0000000090900000| Untracked 
| 256|0x0000000090a00000, 0x0000000090a00000, 0x0000000090b00000|  0%| F|  |TAMS 0x0000000090a00000, 0x0000000090a00000| Untracked 
| 257|0x0000000090b00000, 0x0000000090b00000, 0x0000000090c00000|  0%| F|  |TAMS 0x0000000090b00000, 0x0000000090b00000| Untracked 
| 258|0x0000000090c00000, 0x0000000090c00000, 0x0000000090d00000|  0%| F|  |TAMS 0x0000000090c00000, 0x0000000090c00000| Untracked 
| 259|0x0000000090d00000, 0x0000000090d00000, 0x0000000090e00000|  0%| F|  |TAMS 0x0000000090d00000, 0x0000000090d00000| Untracked 
| 260|0x0000000090e00000, 0x0000000090e00000, 0x0000000090f00000|  0%| F|  |TAMS 0x0000000090e00000, 0x0000000090e00000| Untracked 
| 261|0x0000000090f00000, 0x0000000090f00000, 0x0000000091000000|  0%| F|  |TAMS 0x0000000090f00000, 0x0000000090f00000| Untracked 
| 262|0x0000000091000000, 0x0000000091000000, 0x0000000091100000|  0%| F|  |TAMS 0x0000000091000000, 0x0000000091000000| Untracked 
| 263|0x0000000091100000, 0x0000000091100000, 0x0000000091200000|  0%| F|  |TAMS 0x0000000091100000, 0x0000000091100000| Untracked 
| 264|0x0000000091200000, 0x0000000091200000, 0x0000000091300000|  0%| F|  |TAMS 0x0000000091200000, 0x0000000091200000| Untracked 
| 265|0x0000000091300000, 0x0000000091371260, 0x0000000091400000| 44%| E|  |TAMS 0x0000000091300000, 0x0000000091300000| Complete 
| 266|0x0000000091400000, 0x0000000091500000, 0x0000000091500000|100%| E|CS|TAMS 0x0000000091400000, 0x0000000091400000| Complete 
| 267|0x0000000091500000, 0x0000000091600000, 0x0000000091600000|100%| E|CS|TAMS 0x0000000091500000, 0x0000000091500000| Complete 
| 268|0x0000000091600000, 0x0000000091700000, 0x0000000091700000|100%| E|CS|TAMS 0x0000000091600000, 0x0000000091600000| Complete 
| 269|0x0000000091700000, 0x0000000091800000, 0x0000000091800000|100%| E|CS|TAMS 0x0000000091700000, 0x0000000091700000| Complete 
| 270|0x0000000091800000, 0x0000000091900000, 0x0000000091900000|100%| S|CS|TAMS 0x0000000091800000, 0x0000000091800000| Complete 
| 271|0x0000000091900000, 0x0000000091a00000, 0x0000000091a00000|100%| S|CS|TAMS 0x0000000091900000, 0x0000000091900000| Complete 
| 272|0x0000000091a00000, 0x0000000091b00000, 0x0000000091b00000|100%| E|CS|TAMS 0x0000000091a00000, 0x0000000091a00000| Complete 
| 273|0x0000000091b00000, 0x0000000091c00000, 0x0000000091c00000|100%| E|CS|TAMS 0x0000000091b00000, 0x0000000091b00000| Complete 
| 274|0x0000000091c00000, 0x0000000091d00000, 0x0000000091d00000|100%| E|CS|TAMS 0x0000000091c00000, 0x0000000091c00000| Complete 
| 275|0x0000000091d00000, 0x0000000091e00000, 0x0000000091e00000|100%| E|CS|TAMS 0x0000000091d00000, 0x0000000091d00000| Complete 
| 276|0x0000000091e00000, 0x0000000091f00000, 0x0000000091f00000|100%| E|CS|TAMS 0x0000000091e00000, 0x0000000091e00000| Complete 
| 277|0x0000000091f00000, 0x0000000092000000, 0x0000000092000000|100%| E|CS|TAMS 0x0000000091f00000, 0x0000000091f00000| Complete 
| 278|0x0000000092000000, 0x0000000092100000, 0x0000000092100000|100%| E|CS|TAMS 0x0000000092000000, 0x0000000092000000| Complete 
| 279|0x0000000092100000, 0x0000000092200000, 0x0000000092200000|100%| E|CS|TAMS 0x0000000092100000, 0x0000000092100000| Complete 
| 280|0x0000000092200000, 0x0000000092300000, 0x0000000092300000|100%| E|CS|TAMS 0x0000000092200000, 0x0000000092200000| Complete 
| 281|0x0000000092300000, 0x0000000092400000, 0x0000000092400000|100%| E|CS|TAMS 0x0000000092300000, 0x0000000092300000| Complete 
| 282|0x0000000092400000, 0x0000000092500000, 0x0000000092500000|100%| E|CS|TAMS 0x0000000092400000, 0x0000000092400000| Complete 
| 283|0x0000000092500000, 0x0000000092600000, 0x0000000092600000|100%| E|CS|TAMS 0x0000000092500000, 0x0000000092500000| Complete 
| 284|0x0000000092600000, 0x0000000092700000, 0x0000000092700000|100%| E|CS|TAMS 0x0000000092600000, 0x0000000092600000| Complete 
| 285|0x0000000092700000, 0x0000000092800000, 0x0000000092800000|100%| E|CS|TAMS 0x0000000092700000, 0x0000000092700000| Complete 
|2037|0x00000000fff00000, 0x0000000100000000, 0x0000000100000000|100%| O|  |TAMS 0x00000000fff30400, 0x00000000fff00000| Untracked 

Card table byte_map: [0x000001e99d520000,0x000001e99d920000] _byte_map_base: 0x000001e99d11b000

Marking Bits (Prev, Next): (CMBitMap*) 0x000001e984af51d0, (CMBitMap*) 0x000001e984af5210
 Prev Bits: [0x000001e99dd20000, 0x000001e99fcf8000)
 Next Bits: [0x000001e99fd00000, 0x000001e9a1cd8000)

Polling page: 0x000001e984b90000

Metaspace:

Usage:
  Non-class:     12.19 MB used.
      Class:      2.00 MB used.
       Both:     14.19 MB used.

Virtual space:
  Non-class space:       16.00 MB reserved,      12.31 MB ( 77%) committed,  2 nodes.
      Class space:        1.00 GB reserved,       2.12 MB ( <1%) committed,  1 nodes.
             Both:        1.02 GB reserved,      14.44 MB (  1%) committed. 

Chunk freelists:
   Non-Class:  3.58 MB
       Class:  1.82 MB
        Both:  5.40 MB

MaxMetaspaceSize: unlimited
CompressedClassSpaceSize: 1.00 GB
Initial GC threshold: 21.00 MB
Current GC threshold: 21.00 MB
CDS: on
MetaspaceReclaimPolicy: balanced
 - commit_granule_bytes: 65536.
 - commit_granule_words: 8192.
 - virtual_space_node_default_size: 1048576.
 - enlarge_chunks_in_place: 1.
 - new_chunks_are_fully_committed: 0.
 - uncommit_free_chunks: 1.
 - use_allocation_guard: 0.
 - handle_deallocations: 1.


Internal statistics:

num_allocs_failed_limit: 0.
num_arena_births: 160.
num_arena_deaths: 0.
num_vsnodes_births: 3.
num_vsnodes_deaths: 0.
num_space_committed: 231.
num_space_uncommitted: 0.
num_chunks_returned_to_freelist: 0.
num_chunks_taken_from_freelist: 601.
num_chunk_merges: 0.
num_chunk_splits: 436.
num_chunks_enlarged: 351.
num_purges: 0.
num_inconsistent_stats: 0.

CodeHeap 'non-profiled nmethods': size=120000Kb used=891Kb max_used=891Kb free=119109Kb
 bounds [0x000001e9955c0000, 0x000001e995830000, 0x000001e99caf0000]
CodeHeap 'profiled nmethods': size=120000Kb used=3956Kb max_used=3956Kb free=116043Kb
 bounds [0x000001e98e090000, 0x000001e98e470000, 0x000001e9955c0000]
CodeHeap 'non-nmethods': size=5760Kb used=1484Kb max_used=1504Kb free=4275Kb
 bounds [0x000001e98daf0000, 0x000001e98dd60000, 0x000001e98e090000]
 total_blobs=2863 nmethods=2092 adapters=683
 compilation: enabled
              stopped_count=0, restarted_count=0
 full_count=0

Compilation events (20 events):
Event: 29.030 Thread 0x000001e9a42c6f00 2083       4       java.lang.CharacterData::of (136 bytes)
Event: 29.031 Thread 0x000001e9a42c6f00 nmethod 2083 0x000001e99569d610 code [0x000001e99569d780, 0x000001e99569d818]
Event: 29.034 Thread 0x000001e9a42cb640 2084       3       javafx.animation.Animation$1::timePulse (56 bytes)
Event: 29.035 Thread 0x000001e9a42cb640 nmethod 2084 0x000001e98e46b110 code [0x000001e98e46b3a0, 0x000001e98e46c1d8]
Event: 29.035 Thread 0x000001e9a42cb640 2085       3       java.lang.invoke.LambdaForm$MH/0x0000000800e18c00::linkToTargetMethod (10 bytes)
Event: 29.035 Thread 0x000001e9a42cb640 nmethod 2085 0x000001e98e46c710 code [0x000001e98e46c8c0, 0x000001e98e46cc18]
Event: 29.035 Thread 0x000001e9a42cb640 2087       1       com.sun.prism.PixelFormat$DataType::getSizeInBytes (5 bytes)
Event: 29.035 Thread 0x000001e9a42cb640 nmethod 2087 0x000001e99569dd10 code [0x000001e99569dea0, 0x000001e99569df78]
Event: 29.035 Thread 0x000001e9a42cb640 2088       1       com.sun.javafx.geom.transform.Identity::isTranslateOrIdentity (2 bytes)
Event: 29.035 Thread 0x000001e9a42cb640 nmethod 2088 0x000001e99569e010 code [0x000001e99569e1a0, 0x000001e99569e278]
Event: 29.038 Thread 0x000001e9a42cb640 2089       1       com.sun.prism.impl.BaseContext::isDisposed (5 bytes)
Event: 29.038 Thread 0x000001e9a42cb640 nmethod 2089 0x000001e99569e310 code [0x000001e99569e4a0, 0x000001e99569e578]
Event: 29.040 Thread 0x000001e9a42cb640 2090       1       java.util.concurrent.locks.AbstractQueuedSynchronizer::setState (6 bytes)
Event: 29.040 Thread 0x000001e9a42cb640 nmethod 2090 0x000001e99569e610 code [0x000001e99569e7a0, 0x000001e99569e878]
Event: 29.042 Thread 0x000001e9a42cb640 2091       3       java.lang.Integer::hashCode (8 bytes)
Event: 29.042 Thread 0x000001e9a42cb640 nmethod 2091 0x000001e98e46cd10 code [0x000001e98e46cea0, 0x000001e98e46cff8]
Event: 29.042 Thread 0x000001e9a42cb640 2092       3       java.lang.Integer::hashCode (2 bytes)
Event: 29.042 Thread 0x000001e9a42cb640 nmethod 2092 0x000001e98e46d090 code [0x000001e98e46d220, 0x000001e98e46d318]
Event: 29.042 Thread 0x000001e9a42cb640 2093       1       com.sun.prism.PixelFormat::getDataType (5 bytes)
Event: 29.042 Thread 0x000001e9a42cb640 nmethod 2093 0x000001e99569e910 code [0x000001e99569eaa0, 0x000001e99569eb78]

GC Heap History (18 events):
Event: 0.587 GC heap before
{Heap before GC invocations=0 (full 0):
 garbage-first heap   total 131072K, used 13312K [0x0000000080a00000, 0x0000000100000000)
  region size 1024K, 13 young (13312K), 0 survivors (0K)
 Metaspace       used 2433K, committed 2560K, reserved 1056768K
  class space    used 235K, committed 320K, reserved 1048576K
}
Event: 0.590 GC heap after
{Heap after GC invocations=1 (full 0):
 garbage-first heap   total 131072K, used 1819K [0x0000000080a00000, 0x0000000100000000)
  region size 1024K, 2 young (2048K), 2 survivors (2048K)
 Metaspace       used 2433K, committed 2560K, reserved 1056768K
  class space    used 235K, committed 320K, reserved 1048576K
}
Event: 1.239 GC heap before
{Heap before GC invocations=1 (full 0):
 garbage-first heap   total 131072K, used 18203K [0x0000000080a00000, 0x0000000100000000)
  region size 1024K, 19 young (19456K), 2 survivors (2048K)
 Metaspace       used 6896K, committed 7104K, reserved 1056768K
  class space    used 842K, committed 960K, reserved 1048576K
}
Event: 1.245 GC heap after
{Heap after GC invocations=2 (full 0):
 garbage-first heap   total 131072K, used 3334K [0x0000000080a00000, 0x0000000100000000)
  region size 1024K, 2 young (2048K), 2 survivors (2048K)
 Metaspace       used 6896K, committed 7104K, reserved 1056768K
  class space    used 842K, committed 960K, reserved 1048576K
}
Event: 1.641 GC heap before
{Heap before GC invocations=2 (full 0):
 garbage-first heap   total 131072K, used 48390K [0x0000000080a00000, 0x0000000100000000)
  region size 1024K, 8 young (8192K), 2 survivors (2048K)
 Metaspace       used 7548K, committed 7744K, reserved 1056768K
  class space    used 954K, committed 1024K, reserved 1048576K
}
Event: 1.643 GC heap after
{Heap after GC invocations=3 (full 0):
 garbage-first heap   total 131072K, used 46433K [0x0000000080a00000, 0x0000000100000000)
  region size 1024K, 4 young (4096K), 4 survivors (4096K)
 Metaspace       used 7548K, committed 7744K, reserved 1056768K
  class space    used 954K, committed 1024K, reserved 1048576K
}
Event: 1.926 GC heap before
{Heap before GC invocations=3 (full 0):
 garbage-first heap   total 131072K, used 71009K [0x0000000080a00000, 0x0000000100000000)
  region size 1024K, 5 young (5120K), 4 survivors (4096K)
 Metaspace       used 7550K, committed 7744K, reserved 1056768K
  class space    used 954K, committed 1024K, reserved 1048576K
}
Event: 1.927 GC heap after
{Heap after GC invocations=4 (full 0):
 garbage-first heap   total 131072K, used 71090K [0x0000000080a00000, 0x0000000100000000)
  region size 1024K, 4 young (4096K), 4 survivors (4096K)
 Metaspace       used 7550K, committed 7744K, reserved 1056768K
  class space    used 954K, committed 1024K, reserved 1048576K
}
Event: 2.704 GC heap before
{Heap before GC invocations=5 (full 0):
 garbage-first heap   total 176128K, used 166322K [0x0000000080a00000, 0x0000000100000000)
  region size 1024K, 6 young (6144K), 4 survivors (4096K)
 Metaspace       used 7560K, committed 7744K, reserved 1056768K
  class space    used 954K, committed 1024K, reserved 1048576K
}
Event: 2.705 GC heap after
{Heap after GC invocations=6 (full 0):
 garbage-first heap   total 176128K, used 167202K [0x0000000080a00000, 0x0000000100000000)
  region size 1024K, 4 young (4096K), 4 survivors (4096K)
 Metaspace       used 7560K, committed 7744K, reserved 1056768K
  class space    used 954K, committed 1024K, reserved 1048576K
}
Event: 2.706 GC heap before
{Heap before GC invocations=6 (full 0):
 garbage-first heap   total 176128K, used 171298K [0x0000000080a00000, 0x0000000100000000)
  region size 1024K, 4 young (4096K), 4 survivors (4096K)
 Metaspace       used 7560K, committed 7744K, reserved 1056768K
  class space    used 954K, committed 1024K, reserved 1048576K
}
Event: 2.707 GC heap after
{Heap after GC invocations=7 (full 0):
 garbage-first heap   total 177152K, used 171201K [0x0000000080a00000, 0x0000000100000000)
  region size 1024K, 0 young (0K), 0 survivors (0K)
 Metaspace       used 7560K, committed 7744K, reserved 1056768K
  class space    used 954K, committed 1024K, reserved 1048576K
}
Event: 2.717 GC heap before
{Heap before GC invocations=7 (full 0):
 garbage-first heap   total 177152K, used 171201K [0x0000000080a00000, 0x0000000100000000)
  region size 1024K, 1 young (1024K), 0 survivors (0K)
 Metaspace       used 7560K, committed 7744K, reserved 1056768K
  class space    used 954K, committed 1024K, reserved 1048576K
}
Event: 2.718 GC heap after
{Heap after GC invocations=8 (full 0):
 garbage-first heap   total 177152K, used 171217K [0x0000000080a00000, 0x0000000100000000)
  region size 1024K, 1 young (1024K), 1 survivors (1024K)
 Metaspace       used 7560K, committed 7744K, reserved 1056768K
  class space    used 954K, committed 1024K, reserved 1048576K
}
Event: 2.977 GC heap before
{Heap before GC invocations=9 (full 0):
 garbage-first heap   total 293888K, used 181457K [0x0000000080a00000, 0x0000000100000000)
  region size 1024K, 8 young (8192K), 1 survivors (1024K)
 Metaspace       used 9024K, committed 9216K, reserved 1064960K
  class space    used 1183K, committed 1280K, reserved 1048576K
}
Event: 2.980 GC heap after
{Heap after GC invocations=10 (full 0):
 garbage-first heap   total 293888K, used 176230K [0x0000000080a00000, 0x0000000100000000)
  region size 1024K, 1 young (1024K), 1 survivors (1024K)
 Metaspace       used 9024K, committed 9216K, reserved 1064960K
  class space    used 1183K, committed 1280K, reserved 1048576K
}
Event: 3.256 GC heap before
{Heap before GC invocations=10 (full 0):
 garbage-first heap   total 293888K, used 188518K [0x0000000080a00000, 0x0000000100000000)
  region size 1024K, 14 young (14336K), 1 survivors (1024K)
 Metaspace       used 11602K, committed 11776K, reserved 1064960K
  class space    used 1630K, committed 1728K, reserved 1048576K
}
Event: 3.262 GC heap after
{Heap after GC invocations=11 (full 0):
 garbage-first heap   total 293888K, used 177948K [0x0000000080a00000, 0x0000000100000000)
  region size 1024K, 2 young (2048K), 2 survivors (2048K)
 Metaspace       used 11602K, committed 11776K, reserved 1064960K
  class space    used 1630K, committed 1728K, reserved 1048576K
}

Deoptimization events (20 events):
Event: 3.390 Thread 0x000001e9a42bc730 DEOPT PACKING pc=0x000001e9955cda24 sp=0x00000070b62fc9f0
Event: 3.390 Thread 0x000001e9a42bc730 DEOPT UNPACKING pc=0x000001e98db423a3 sp=0x00000070b62fc998 mode 2
Event: 3.390 Thread 0x000001e9a42bc730 Uncommon trap: trap_request=0xffffffde fr.pc=0x000001e9955cda24 relative=0x00000000000001a4
Event: 3.390 Thread 0x000001e9a42bc730 Uncommon trap: reason=class_check action=maybe_recompile pc=0x000001e9955cda24 method=java.lang.String.equals(Ljava/lang/Object;)Z @ 8 c2
Event: 3.390 Thread 0x000001e9a42bc730 DEOPT PACKING pc=0x000001e9955cda24 sp=0x00000070b62fc9f0
Event: 3.390 Thread 0x000001e9a42bc730 DEOPT UNPACKING pc=0x000001e98db423a3 sp=0x00000070b62fc998 mode 2
Event: 3.431 Thread 0x000001e9a42bc730 Uncommon trap: trap_request=0xffffff45 fr.pc=0x000001e995660f2c relative=0x00000000000001ac
Event: 3.431 Thread 0x000001e9a42bc730 Uncommon trap: reason=unstable_if action=reinterpret pc=0x000001e995660f2c method=java.io.ByteArrayInputStream.read()I @ 8 c2
Event: 3.431 Thread 0x000001e9a42bc730 DEOPT PACKING pc=0x000001e995660f2c sp=0x00000070b62fb850
Event: 3.431 Thread 0x000001e9a42bc730 DEOPT UNPACKING pc=0x000001e98db423a3 sp=0x00000070b62fb808 mode 2
Event: 3.459 Thread 0x000001e9a42bc730 Uncommon trap: trap_request=0xffffff45 fr.pc=0x000001e995658a00 relative=0x00000000000011c0
Event: 3.459 Thread 0x000001e9a42bc730 Uncommon trap: reason=unstable_if action=reinterpret pc=0x000001e995658a00 method=java.util.concurrent.ConcurrentHashMap.putVal(Ljava/lang/Object;Ljava/lang/Object;Z)Ljava/lang/Object; @ 148 c2
Event: 3.459 Thread 0x000001e9a42bc730 DEOPT PACKING pc=0x000001e995658a00 sp=0x00000070b62fc040
Event: 3.459 Thread 0x000001e9a42bc730 DEOPT UNPACKING pc=0x000001e98db423a3 sp=0x00000070b62fbfe0 mode 2
Event: 3.463 Thread 0x000001e9a42bc730 Uncommon trap: trap_request=0xffffff45 fr.pc=0x000001e9955d4154 relative=0x0000000000000134
Event: 3.463 Thread 0x000001e9a42bc730 Uncommon trap: reason=unstable_if action=reinterpret pc=0x000001e9955d4154 method=java.lang.StringLatin1.lastIndexOf([BI[BII)I @ 86 c2
Event: 3.463 Thread 0x000001e9a42bc730 DEOPT PACKING pc=0x000001e9955d4154 sp=0x00000070b62fc1b0
Event: 3.463 Thread 0x000001e9a42bc730 DEOPT UNPACKING pc=0x000001e98db423a3 sp=0x00000070b62fc118 mode 2
Event: 29.044 Thread 0x000001e9a5d396d0 DEOPT PACKING pc=0x000001e98e28734c sp=0x00000070b752f0a0
Event: 29.044 Thread 0x000001e9a5d396d0 DEOPT UNPACKING pc=0x000001e98db42b43 sp=0x00000070b752e500 mode 1

Classes unloaded (0 events):
No events

Classes redefined (0 events):
No events

Internal exceptions (20 events):
Event: 3.027 Thread 0x000001e9a42bc730 Exception <a 'java/lang/ClassNotFoundException'{0x00000000925b5f38}: com/sun/glass/ui/win/themes_en_US> (0x00000000925b5f38) 
thrown [t:\workspace\open\src\hotspot\share\prims\jni.cpp, line 535]
Event: 3.092 Thread 0x000001e9a42bc730 Exception <a 'java/lang/NoSuchMethodError'{0x0000000091f221c8}: 'void java.lang.invoke.DirectMethodHandle$Holder.invokeStaticInit(java.lang.Object, java.lang.Object)'> (0x0000000091f221c8) 
thrown [t:\workspace\open\src\hotspot\share\interpreter\linkResolver.cpp, line 766]
Event: 3.167 Thread 0x000001e9a42bc730 Exception <a 'sun/nio/fs/WindowsException'{0x0000000091c1d268}> (0x0000000091c1d268) 
thrown [t:\workspace\open\src\hotspot\share\prims\jni.cpp, line 516]
Event: 3.204 Thread 0x000001e9a42bc730 Exception <a 'sun/nio/fs/WindowsException'{0x0000000091b6fbf8}> (0x0000000091b6fbf8) 
thrown [t:\workspace\open\src\hotspot\share\prims\jni.cpp, line 516]
Event: 3.251 Thread 0x000001e9a42bc730 Implicit null exception at 0x000001e995661297 to 0x000001e995661770
Event: 3.380 Thread 0x000001e9a42bc730 Exception <a 'java/lang/NoSuchMethodError'{0x00000000924983f0}: 'java.lang.Object java.lang.invoke.DirectMethodHandle$Holder.invokeInterface(java.lang.Object, java.lang.Object, java.lang.Object)'> (0x00000000924983f0) 
thrown [t:\workspace\open\src\hotspot\share\interpreter\linkResolver.cpp, line 766]
Event: 3.380 Thread 0x000001e9a42bc730 Exception <a 'java/lang/IncompatibleClassChangeError'{0x000000009249bd60}: Found class java.lang.Object, but interface was expected> (0x000000009249bd60) 
thrown [t:\workspace\open\src\hotspot\share\interpreter\linkResolver.cpp, line 833]
Event: 3.469 Thread 0x000001e9a42bc730 Exception <a 'java/lang/NoSuchMethodError'{0x0000000092143330}: 'java.lang.Object java.lang.invoke.DirectMethodHandle$Holder.newInvokeSpecial(java.lang.Object, java.lang.Object, int)'> (0x0000000092143330) 
thrown [t:\workspace\open\src\hotspot\share\interpreter\linkResolver.cpp, line 766]
Event: 14.970 Thread 0x000001e9a42bc730 Exception <a 'sun/nio/fs/WindowsException'{0x0000000091da5fd8}> (0x0000000091da5fd8) 
thrown [t:\workspace\open\src\hotspot\share\prims\jni.cpp, line 516]
Event: 14.975 Thread 0x000001e9a42bc730 Exception <a 'sun/nio/fs/WindowsException'{0x0000000091da7618}> (0x0000000091da7618) 
thrown [t:\workspace\open\src\hotspot\share\prims\jni.cpp, line 516]
Event: 14.980 Thread 0x000001e9a42bc730 Exception <a 'sun/nio/fs/WindowsException'{0x0000000091da89d8}> (0x0000000091da89d8) 
thrown [t:\workspace\open\src\hotspot\share\prims\jni.cpp, line 516]
Event: 28.947 Thread 0x000001e9a42bc730 Exception <a 'java/lang/NullPointerException'{0x0000000091c6cef8}> (0x0000000091c6cef8) 
thrown [t:\workspace\open\src\hotspot\share\interpreter\linkResolver.cpp, line 1357]
Event: 28.953 Thread 0x000001e9a42bc730 Exception <a 'java/lang/NoSuchMethodError'{0x0000000091ac1fe0}: 'long java.lang.invoke.DirectMethodHandle$Holder.invokeStatic(java.lang.Object, java.lang.Object, java.lang.Object)'> (0x0000000091ac1fe0) 
thrown [t:\workspace\open\src\hotspot\share\interpreter\linkResolver.cpp, line 766]
Event: 28.953 Thread 0x000001e9a42bc730 Exception <a 'java/lang/NoSuchMethodError'{0x0000000091ac5788}: 'long java.lang.invoke.DirectMethodHandle$Holder.invokeStaticInit(java.lang.Object, java.lang.Object, java.lang.Object)'> (0x0000000091ac5788) 
thrown [t:\workspace\open\src\hotspot\share\interpreter\linkResolver.cpp, line 766]
Event: 28.957 Thread 0x000001e9a42bc730 Exception <a 'java/lang/NoSuchMethodError'{0x0000000091add390}: 'java.lang.Object java.lang.invoke.DirectMethodHandle$Holder.newInvokeSpecial(java.lang.Object, java.lang.Object, long)'> (0x0000000091add390) 
thrown [t:\workspace\open\src\hotspot\share\interpreter\linkResolver.cpp, line 766]
Event: 28.957 Thread 0x000001e9a42bc730 Exception <a 'java/lang/NoSuchMethodError'{0x0000000091ae0f00}: 'java.lang.Object java.lang.invoke.Invokers$Holder.linkToTargetMethod(java.lang.Object, long, java.lang.Object)'> (0x0000000091ae0f00) 
thrown [t:\workspace\open\src\hotspot\share\interpreter\linkResolver.cpp, line 766]
Event: 28.979 Thread 0x000001e9a42bc730 Exception <a 'java/lang/NoSuchMethodError'{0x000000009173e2c8}: 'void java.lang.invoke.DirectMethodHandle$Holder.invokeSpecial(java.lang.Object, java.lang.Object, double)'> (0x000000009173e2c8) 
thrown [t:\workspace\open\src\hotspot\share\interpreter\linkResolver.cpp, line 766]
Event: 28.980 Thread 0x000001e9a42bc730 Exception <a 'java/lang/NoSuchMethodError'{0x0000000091744720}: 'java.lang.Object java.lang.invoke.DirectMethodHandle$Holder.newInvokeSpecial(java.lang.Object, java.lang.Object, double)'> (0x0000000091744720) 
thrown [t:\workspace\open\src\hotspot\share\interpreter\linkResolver.cpp, line 766]
Event: 28.980 Thread 0x000001e9a42bc730 Exception <a 'java/lang/NoSuchMethodError'{0x0000000091748890}: 'java.lang.Object java.lang.invoke.DirectMethodHandle$Holder.invokeSpecial(java.lang.Object, java.lang.Object, java.lang.Object, double)'> (0x0000000091748890) 
thrown [t:\workspace\open\src\hotspot\share\interpreter\linkResolver.cpp, line 766]
Event: 28.980 Thread 0x000001e9a42bdf40 Exception <a 'java/lang/NoSuchMethodError'{0x00000000917a1008}: 'int java.lang.invoke.DirectMethodHandle$Holder.invokeStaticInit(java.lang.Object, java.lang.Object)'> (0x00000000917a1008) 
thrown [t:\workspace\open\src\hotspot\share\interpreter\linkResolver.cpp, line 766]

VM Operations (20 events):
Event: 15.038 Executing VM operation: get/set locals done
Event: 15.080 Executing VM operation: get/set locals
Event: 15.080 Executing VM operation: get/set locals done
Event: 15.081 Executing VM operation: get/set locals
Event: 15.081 Executing VM operation: get/set locals done
Event: 22.780 Executing VM operation: ChangeSingleStep
Event: 22.780 Executing VM operation: ChangeSingleStep done
Event: 22.783 Executing VM operation: ChangeSingleStep
Event: 22.783 Executing VM operation: ChangeSingleStep done
Event: 28.946 Executing VM operation: ChangeBreakpoints
Event: 28.946 Executing VM operation: ChangeBreakpoints done
Event: 28.947 Executing VM operation: ChangeBreakpoints
Event: 28.947 Executing VM operation: ChangeBreakpoints done
Event: 28.947 Executing VM operation: ChangeBreakpoints
Event: 28.947 Executing VM operation: ChangeBreakpoints done
Event: 28.947 Executing VM operation: ChangeBreakpoints
Event: 28.947 Executing VM operation: ChangeBreakpoints done
Event: 28.947 Executing VM operation: ChangeBreakpoints
Event: 28.947 Executing VM operation: ChangeBreakpoints done
Event: 29.046 Executing VM operation: Exit

Events (20 events):
Event: 29.014 loading class java/nio/ShortBuffer done
Event: 29.014 loading class java/nio/DoubleBuffer
Event: 29.014 loading class java/nio/DoubleBuffer done
Event: 29.014 loading class java/nio/DirectFloatBufferU
Event: 29.015 loading class java/nio/DirectFloatBufferU done
Event: 29.038 loading class jdk/internal/misc/Signal$1
Event: 29.038 loading class jdk/internal/misc/Signal$1 done
Event: 29.038 Thread 0x000001e9a5d39ba0 Thread added: 0x000001e9a5d39ba0
Event: 29.039 Thread 0x000001e9a5d396d0 Thread added: 0x000001e9a5d396d0
Event: 29.039 Thread 0x000001e9a5d3cbc0 Thread added: 0x000001e9a5d3cbc0
Event: 29.039 Thread 0x000001e9a5d3d090 Thread added: 0x000001e9a5d3d090
Event: 29.041 Thread 0x000001e9a5d3cbc0 Thread exited: 0x000001e9a5d3cbc0
Event: 29.041 loading class com/sun/javafx/font/PrismFontFile
Event: 29.041 loading class com/sun/javafx/font/PrismFontFile done
Event: 29.042 loading class com/sun/javafx/tk/quantum/QuantumRenderer
Event: 29.042 loading class com/sun/javafx/tk/quantum/QuantumRenderer done
Event: 29.043 loading class com/sun/javafx/tk/quantum/QuantumToolkit
Event: 29.043 loading class com/sun/javafx/tk/quantum/QuantumToolkit done
Event: 29.044 Thread 0x000001e9a5d396d0 Thread exited: 0x000001e9a5d396d0
Event: 29.045 Thread 0x000001e9a5d3d090 Thread exited: 0x000001e9a5d3d090


Dynamic libraries:
0x00007ff797240000 - 0x00007ff79724e000 	C:\Users\admin\.jdks\openjdk-17.0.2\bin\java.exe
0x00007ffe18af0000 - 0x00007ffe18ce8000 	C:\WINDOWS\SYSTEM32\ntdll.dll
0x00007ffe18080000 - 0x00007ffe1813d000 	C:\WINDOWS\System32\KERNEL32.DLL
0x00007ffe163b0000 - 0x00007ffe166a6000 	C:\WINDOWS\System32\KERNELBASE.dll
0x00007ffe166e0000 - 0x00007ffe167e0000 	C:\WINDOWS\System32\ucrtbase.dll
0x00007ffde2c60000 - 0x00007ffde2c7a000 	C:\Users\admin\.jdks\openjdk-17.0.2\bin\VCRUNTIME140.dll
0x00007ffde27c0000 - 0x00007ffde27d8000 	C:\Users\admin\.jdks\openjdk-17.0.2\bin\jli.dll
0x00007ffe17700000 - 0x00007ffe1789e000 	C:\WINDOWS\System32\USER32.dll
0x00007ffe169b0000 - 0x00007ffe169d2000 	C:\WINDOWS\System32\win32u.dll
0x00007ffe17670000 - 0x00007ffe1769c000 	C:\WINDOWS\System32\GDI32.dll
0x00007ffe169e0000 - 0x00007ffe16afa000 	C:\WINDOWS\System32\gdi32full.dll
0x00007ffe16310000 - 0x00007ffe163ad000 	C:\WINDOWS\System32\msvcp_win.dll
0x00007ffe038a0000 - 0x00007ffe03b3a000 	C:\WINDOWS\WinSxS\amd64_microsoft.windows.common-controls_6595b64144ccf1df_6.0.19041.1110_none_60b5254171f9507e\COMCTL32.dll
0x00007ffe183a0000 - 0x00007ffe1843e000 	C:\WINDOWS\System32\msvcrt.dll
0x00007ffe18050000 - 0x00007ffe18080000 	C:\WINDOWS\System32\IMM32.DLL
0x00007ffdefe50000 - 0x00007ffdefe5c000 	C:\Users\admin\.jdks\openjdk-17.0.2\bin\vcruntime140_1.dll
0x00007ffddda50000 - 0x00007ffdddadd000 	C:\Users\admin\.jdks\openjdk-17.0.2\bin\msvcp140.dll
0x00007ffdb4920000 - 0x00007ffdb54e1000 	C:\Users\admin\.jdks\openjdk-17.0.2\bin\server\jvm.dll
0x00007ffe18140000 - 0x00007ffe181ee000 	C:\WINDOWS\System32\ADVAPI32.dll
0x00007ffe18920000 - 0x00007ffe189bc000 	C:\WINDOWS\System32\sechost.dll
0x00007ffe186a0000 - 0x00007ffe187c6000 	C:\WINDOWS\System32\RPCRT4.dll
0x00007ffe18910000 - 0x00007ffe18918000 	C:\WINDOWS\System32\PSAPI.DLL
0x00007ffe11740000 - 0x00007ffe11749000 	C:\WINDOWS\SYSTEM32\WSOCK32.dll
0x00007ffe18330000 - 0x00007ffe1839b000 	C:\WINDOWS\System32\WS2_32.dll
0x00007ffe0f850000 - 0x00007ffe0f877000 	C:\WINDOWS\SYSTEM32\WINMM.dll
0x00007ffe10670000 - 0x00007ffe1067a000 	C:\WINDOWS\SYSTEM32\VERSION.dll
0x00007ffe14080000 - 0x00007ffe14092000 	C:\WINDOWS\SYSTEM32\kernel.appcore.dll
0x00007ffdef0d0000 - 0x00007ffdef0da000 	C:\Users\admin\.jdks\openjdk-17.0.2\bin\jimage.dll
0x00007ffe01b80000 - 0x00007ffe01d64000 	C:\WINDOWS\SYSTEM32\DBGHELP.DLL
0x00007ffe01a30000 - 0x00007ffe01a64000 	C:\WINDOWS\SYSTEM32\dbgcore.DLL
0x00007ffe16280000 - 0x00007ffe16302000 	C:\WINDOWS\System32\bcryptPrimitives.dll
0x00007ffe0b7b0000 - 0x00007ffe0b7eb000 	C:\Users\admin\.jdks\openjdk-17.0.2\bin\jdwp.dll
0x00007ffe11bc0000 - 0x00007ffe11bce000 	C:\Users\admin\.jdks\openjdk-17.0.2\bin\instrument.dll
0x00007ffde2790000 - 0x00007ffde27b5000 	C:\Users\admin\.jdks\openjdk-17.0.2\bin\java.dll
0x00007ffdde1d0000 - 0x00007ffdde1e8000 	C:\Users\admin\.jdks\openjdk-17.0.2\bin\zip.dll
0x00007ffddb290000 - 0x00007ffddb366000 	C:\Users\admin\.jdks\openjdk-17.0.2\bin\jsvml.dll
0x00007ffe17900000 - 0x00007ffe18045000 	C:\WINDOWS\System32\SHELL32.dll
0x00007ffe14280000 - 0x00007ffe14a1b000 	C:\WINDOWS\SYSTEM32\windows.storage.dll
0x00007ffe16dd0000 - 0x00007ffe17124000 	C:\WINDOWS\System32\combase.dll
0x00007ffe15c10000 - 0x00007ffe15c3e000 	C:\WINDOWS\SYSTEM32\Wldp.dll
0x00007ffe185f0000 - 0x00007ffe1869d000 	C:\WINDOWS\System32\SHCORE.dll
0x00007ffe189d0000 - 0x00007ffe18a25000 	C:\WINDOWS\System32\shlwapi.dll
0x00007ffe16100000 - 0x00007ffe16125000 	C:\WINDOWS\SYSTEM32\profapi.dll
0x00007ffddea50000 - 0x00007ffddea69000 	C:\Users\admin\.jdks\openjdk-17.0.2\bin\net.dll
0x00007ffe0e7f0000 - 0x00007ffe0e8fa000 	C:\WINDOWS\SYSTEM32\WINHTTP.dll
0x00007ffe15970000 - 0x00007ffe159da000 	C:\WINDOWS\system32\mswsock.dll
0x00007ffdde1f0000 - 0x00007ffdde206000 	C:\Users\admin\.jdks\openjdk-17.0.2\bin\nio.dll
0x00007ffe11bb0000 - 0x00007ffe11bbc000 	C:\Users\admin\.jdks\openjdk-17.0.2\bin\dt_socket.dll
0x00007ffe15610000 - 0x00007ffe1564b000 	C:\WINDOWS\SYSTEM32\IPHLPAPI.DLL
0x000001e9a4380000 - 0x000001e9a4383000 	C:\Users\admin\.openjfx\cache\17.0.1\api-ms-win-core-console-l1-1-0.dll
0x000001e9a4390000 - 0x000001e9a4393000 	C:\Users\admin\.openjfx\cache\17.0.1\api-ms-win-core-console-l1-2-0.dll
0x000001e9a43a0000 - 0x000001e9a43a3000 	C:\Users\admin\.openjfx\cache\17.0.1\api-ms-win-core-datetime-l1-1-0.dll
0x000001e9a43b0000 - 0x000001e9a43b3000 	C:\Users\admin\.openjfx\cache\17.0.1\api-ms-win-core-debug-l1-1-0.dll
0x000001e9a43c0000 - 0x000001e9a43c3000 	C:\Users\admin\.openjfx\cache\17.0.1\api-ms-win-core-errorhandling-l1-1-0.dll
0x000001e9a43d0000 - 0x000001e9a43d4000 	C:\Users\admin\.openjfx\cache\17.0.1\api-ms-win-core-file-l1-1-0.dll
0x000001e9a43e0000 - 0x000001e9a43e3000 	C:\Users\admin\.openjfx\cache\17.0.1\api-ms-win-core-file-l1-2-0.dll
0x000001e9a43f0000 - 0x000001e9a43f3000 	C:\Users\admin\.openjfx\cache\17.0.1\api-ms-win-core-file-l2-1-0.dll
0x000001e9a68d0000 - 0x000001e9a68d3000 	C:\Users\admin\.openjfx\cache\17.0.1\api-ms-win-core-handle-l1-1-0.dll
0x000001e9a68e0000 - 0x000001e9a68e3000 	C:\Users\admin\.openjfx\cache\17.0.1\api-ms-win-core-heap-l1-1-0.dll
0x000001e9a68f0000 - 0x000001e9a68f3000 	C:\Users\admin\.openjfx\cache\17.0.1\api-ms-win-core-interlocked-l1-1-0.dll
0x000001e9a6900000 - 0x000001e9a6903000 	C:\Users\admin\.openjfx\cache\17.0.1\api-ms-win-core-libraryloader-l1-1-0.dll
0x000001e9a6910000 - 0x000001e9a6913000 	C:\Users\admin\.openjfx\cache\17.0.1\api-ms-win-core-localization-l1-2-0.dll
0x000001e9a6920000 - 0x000001e9a6923000 	C:\Users\admin\.openjfx\cache\17.0.1\api-ms-win-core-memory-l1-1-0.dll
0x000001e9a6930000 - 0x000001e9a6933000 	C:\Users\admin\.openjfx\cache\17.0.1\api-ms-win-core-namedpipe-l1-1-0.dll
0x000001e9a6940000 - 0x000001e9a6943000 	C:\Users\admin\.openjfx\cache\17.0.1\api-ms-win-core-processenvironment-l1-1-0.dll
0x000001e9a6950000 - 0x000001e9a6953000 	C:\Users\admin\.openjfx\cache\17.0.1\api-ms-win-core-processthreads-l1-1-0.dll
0x000001e9a6960000 - 0x000001e9a6963000 	C:\Users\admin\.openjfx\cache\17.0.1\api-ms-win-core-processthreads-l1-1-1.dll
0x000001e9a6970000 - 0x000001e9a6973000 	C:\Users\admin\.openjfx\cache\17.0.1\api-ms-win-core-profile-l1-1-0.dll
0x000001e9a6980000 - 0x000001e9a6983000 	C:\Users\admin\.openjfx\cache\17.0.1\api-ms-win-core-rtlsupport-l1-1-0.dll
0x000001e9a6990000 - 0x000001e9a6993000 	C:\Users\admin\.openjfx\cache\17.0.1\api-ms-win-core-string-l1-1-0.dll
0x000001e9a69a0000 - 0x000001e9a69a3000 	C:\Users\admin\.openjfx\cache\17.0.1\api-ms-win-core-synch-l1-1-0.dll
0x000001e9a69b0000 - 0x000001e9a69b3000 	C:\Users\admin\.openjfx\cache\17.0.1\api-ms-win-core-synch-l1-2-0.dll
0x000001e9a69c0000 - 0x000001e9a69c3000 	C:\Users\admin\.openjfx\cache\17.0.1\api-ms-win-core-sysinfo-l1-1-0.dll
0x000001e9a69d0000 - 0x000001e9a69d3000 	C:\Users\admin\.openjfx\cache\17.0.1\api-ms-win-core-timezone-l1-1-0.dll
0x000001e9a69e0000 - 0x000001e9a69e3000 	C:\Users\admin\.openjfx\cache\17.0.1\api-ms-win-core-util-l1-1-0.dll
0x000001e9a69f0000 - 0x000001e9a69f3000 	C:\Users\admin\.openjfx\cache\17.0.1\api-ms-win-crt-conio-l1-1-0.dll
0x000001e9a6a00000 - 0x000001e9a6a04000 	C:\Users\admin\.openjfx\cache\17.0.1\api-ms-win-crt-convert-l1-1-0.dll
0x000001e9a6a10000 - 0x000001e9a6a13000 	C:\Users\admin\.openjfx\cache\17.0.1\api-ms-win-crt-environment-l1-1-0.dll
0x000001e9a6a20000 - 0x000001e9a6a23000 	C:\Users\admin\.openjfx\cache\17.0.1\api-ms-win-crt-filesystem-l1-1-0.dll
0x000001e9a6a30000 - 0x000001e9a6a33000 	C:\Users\admin\.openjfx\cache\17.0.1\api-ms-win-crt-heap-l1-1-0.dll
0x000001e9a6a40000 - 0x000001e9a6a43000 	C:\Users\admin\.openjfx\cache\17.0.1\api-ms-win-crt-locale-l1-1-0.dll
0x000001e9a6a50000 - 0x000001e9a6a55000 	C:\Users\admin\.openjfx\cache\17.0.1\api-ms-win-crt-math-l1-1-0.dll
0x000001e9a6a60000 - 0x000001e9a6a65000 	C:\Users\admin\.openjfx\cache\17.0.1\api-ms-win-crt-multibyte-l1-1-0.dll
0x000001e9a6a70000 - 0x000001e9a6a80000 	C:\Users\admin\.openjfx\cache\17.0.1\api-ms-win-crt-private-l1-1-0.dll
0x000001e9a6a80000 - 0x000001e9a6a83000 	C:\Users\admin\.openjfx\cache\17.0.1\api-ms-win-crt-process-l1-1-0.dll
0x000001e9a6a90000 - 0x000001e9a6a94000 	C:\Users\admin\.openjfx\cache\17.0.1\api-ms-win-crt-runtime-l1-1-0.dll
0x000001e9a6aa0000 - 0x000001e9a6aa4000 	C:\Users\admin\.openjfx\cache\17.0.1\api-ms-win-crt-stdio-l1-1-0.dll
0x000001e9a6ab0000 - 0x000001e9a6ab4000 	C:\Users\admin\.openjfx\cache\17.0.1\api-ms-win-crt-string-l1-1-0.dll
0x000001e9a6ac0000 - 0x000001e9a6ac3000 	C:\Users\admin\.openjfx\cache\17.0.1\api-ms-win-crt-time-l1-1-0.dll
0x000001e9a6ad0000 - 0x000001e9a6ad3000 	C:\Users\admin\.openjfx\cache\17.0.1\api-ms-win-crt-utility-l1-1-0.dll
0x00007ffde9ee0000 - 0x00007ffde9fdc000 	C:\Users\admin\.openjfx\cache\17.0.1\ucrtbase.dll
0x00007ffe0ede0000 - 0x00007ffe0edfa000 	C:\Users\admin\.openjfx\cache\17.0.1\vcruntime140.dll
0x00007ffe0ee10000 - 0x00007ffe0ee1c000 	C:\Users\admin\.openjfx\cache\17.0.1\vcruntime140_1.dll
0x00007ffe0b040000 - 0x00007ffe0b0cd000 	C:\Users\admin\.openjfx\cache\17.0.1\msvcp140.dll
0x00007ffe0af70000 - 0x00007ffe0af9a000 	C:\Users\admin\.openjfx\cache\17.0.1\prism_d3d.dll
0x00007ffe0d340000 - 0x00007ffe0d50d000 	C:\WINDOWS\system32\d3d9.dll
0x00007ffe13d90000 - 0x00007ffe13dbf000 	C:\WINDOWS\SYSTEM32\dwmapi.dll
0x00007ffe13bb0000 - 0x00007ffe13c4e000 	C:\WINDOWS\system32\uxtheme.dll
0x00007ffe0db20000 - 0x00007ffe0dc22000 	C:\WINDOWS\System32\DriverStore\FileRepository\nvmd.inf_amd64_1408eaf9a25ed64f\nvldumdx.dll
0x00007ffe15da0000 - 0x00007ffe15db2000 	C:\WINDOWS\SYSTEM32\msasn1.dll
0x00007ffe105f0000 - 0x00007ffe10621000 	C:\WINDOWS\SYSTEM32\cryptnet.dll
0x00007ffe16850000 - 0x00007ffe169ae000 	C:\WINDOWS\System32\CRYPT32.dll
0x00007ffe15b80000 - 0x00007ffe15b8c000 	C:\WINDOWS\SYSTEM32\cryptbase.dll
0x00007ffe167e0000 - 0x00007ffe16847000 	C:\WINDOWS\System32\WINTRUST.DLL
0x00007ffe175a0000 - 0x00007ffe175bd000 	C:\WINDOWS\System32\imagehlp.dll
0x00007ffe15b60000 - 0x00007ffe15b78000 	C:\WINDOWS\SYSTEM32\CRYPTSP.dll
0x00007ffe15210000 - 0x00007ffe15244000 	C:\WINDOWS\system32\rsaenh.dll
0x00007ffe166b0000 - 0x00007ffe166d7000 	C:\WINDOWS\System32\bcrypt.dll
0x00007ffdd6dc0000 - 0x00007ffdd87dc000 	C:\WINDOWS\System32\DriverStore\FileRepository\nvmd.inf_amd64_1408eaf9a25ed64f\nvd3dumx.dll
0x00007ffe0af20000 - 0x00007ffe0af62000 	C:\Users\admin\.openjfx\cache\17.0.1\glass.dll
0x00007ffe181f0000 - 0x00007ffe182ca000 	C:\WINDOWS\System32\COMDLG32.dll
0x00007ffe187d0000 - 0x00007ffe188fa000 	C:\WINDOWS\System32\ole32.dll
0x00007ffe16b50000 - 0x00007ffe16c1d000 	C:\WINDOWS\System32\OLEAUT32.dll
0x00007ffe18440000 - 0x00007ffe18554000 	C:\WINDOWS\System32\MSCTF.dll
0x00007ffe14a30000 - 0x00007ffe14a53000 	C:\WINDOWS\SYSTEM32\gpapi.dll
0x00007ffe0e560000 - 0x00007ffe0e59b000 	C:\WINDOWS\SYSTEM32\dxcore.dll
0x00007ffe16b00000 - 0x00007ffe16b4e000 	C:\WINDOWS\System32\cfgmgr32.dll
0x00007ffe04f30000 - 0x00007ffe04f5d000 	C:\Users\admin\.openjfx\cache\17.0.1\javafx_iio.dll
0x00007ffe0b800000 - 0x00007ffe0b814000 	C:\Users\admin\.openjfx\cache\17.0.1\javafx_font.dll
0x00007ffe02540000 - 0x00007ffe027bf000 	C:\WINDOWS\SYSTEM32\dwrite.dll
0x00007ffe160c0000 - 0x00007ffe160ee000 	C:\WINDOWS\SYSTEM32\USERENV.dll
0x00007ffe189c0000 - 0x00007ffe189c8000 	C:\WINDOWS\System32\NSI.dll
0x00007ffe10680000 - 0x00007ffe10697000 	C:\WINDOWS\SYSTEM32\dhcpcsvc6.DLL
0x00007ffe10650000 - 0x00007ffe1066d000 	C:\WINDOWS\SYSTEM32\dhcpcsvc.DLL
0x00007ffe15660000 - 0x00007ffe1572a000 	C:\WINDOWS\SYSTEM32\DNSAPI.dll
0x00007ffe175c0000 - 0x00007ffe17669000 	C:\WINDOWS\System32\clbcatq.dll
0x00007ffe10a60000 - 0x00007ffe10c14000 	C:\WINDOWS\SYSTEM32\WindowsCodecs.dll
0x00007ffde6fe0000 - 0x00007ffde701e000 	C:\WINDOWS\system32\dataexchange.dll

dbghelp: loaded successfully - version: 4.0.5 - missing functions: none
symbol engine: initialized successfully - sym options: 0x614 - pdb path: .;C:\Users\admin\.jdks\openjdk-17.0.2\bin;C:\WINDOWS\SYSTEM32;C:\WINDOWS\WinSxS\amd64_microsoft.windows.common-controls_6595b64144ccf1df_6.0.19041.1110_none_60b5254171f9507e;C:\Users\admin\.jdks\openjdk-17.0.2\bin\server;C:\Users\admin\.openjfx\cache\17.0.1;C:\WINDOWS\System32\DriverStore\FileRepository\nvmd.inf_amd64_1408eaf9a25ed64f;C:\Program Files\Common Files\Microsoft Shared\Ink

VM Arguments:
jvm_args: -agentlib:jdwp=transport=dt_socket,address=127.0.0.1:63666,suspend=y,server=n -javaagent:C:\Users\admin\AppData\Local\JetBrains\IntelliJIdea2023.2\captureAgent\debugger-agent.jar -Dfile.encoding=UTF-8 --module-path=C:\Users\admin\.m2\repository\org\openjfx\javafx-graphics\17.0.1\javafx-graphics-17.0.1-win.jar;C:\Users\admin\.m2\repository\org\openjfx\javafx-controls\17.0.1\javafx-controls-17.0.1-win.jar;D:\IGOR\Diplomski-projekat\RollingBall\target\classes;C:\Users\admin\.m2\repository\com\google\code\gson\gson\2.10.1\gson-2.10.1.jar;C:\Users\admin\.m2\repository\org\hildan\fxgson\fx-gson\5.0.0\fx-gson-5.0.0.jar;C:\Users\admin\.m2\repository\org\openjfx\javafx-fxml\17.0.1\javafx-fxml-17.0.1-win.jar;C:\Users\admin\.m2\repository\org\jetbrains\annotations\23.0.0\annotations-23.0.0.jar;C:\Users\admin\.m2\repository\org\openjfx\javafx-base\17.0.1\javafx-base-17.0.1-win.jar;C:\Users\admin\.m2\repository\org\openjfx\javafx-media\17.0.1\javafx-media-17.0.1-win.jar -Djdk.module.main=com.example.domaci2 
java_command: com.example.domaci2/com.example.rollingBall.MainWrap
java_class_path (initial): C:\Users\admin\.m2\repository\org\openjfx\javafx-controls\17.0.1\javafx-controls-17.0.1.jar;C:\Users\admin\.m2\repository\org\openjfx\javafx-graphics\17.0.1\javafx-graphics-17.0.1.jar;C:\Users\admin\.m2\repository\org\openjfx\javafx-base\17.0.1\javafx-base-17.0.1.jar;C:\Users\admin\.m2\repository\org\openjfx\javafx-fxml\17.0.1\javafx-fxml-17.0.1.jar;C:\Users\admin\.m2\repository\org\openjfx\javafx-media\17.0.1\javafx-media-17.0.1.jar;D:\IntellijIDEA\IntelliJ IDEA 2023.2.1\lib\idea_rt.jar
Launcher Type: SUN_STANDARD

[Global flags]
     intx CICompilerCount                          = 3                                         {product} {ergonomic}
     uint ConcGCThreads                            = 1                                         {product} {ergonomic}
     uint G1ConcRefinementThreads                  = 4                                         {product} {ergonomic}
   size_t G1HeapRegionSize                         = 1048576                                   {product} {ergonomic}
    uintx GCDrainStackTargetSize                   = 64                                        {product} {ergonomic}
   size_t InitialHeapSize                          = 134217728                                 {product} {ergonomic}
   size_t MarkStackSize                            = 4194304                                   {product} {ergonomic}
   size_t MaxHeapSize                              = 2136997888                                {product} {ergonomic}
   size_t MaxNewSize                               = 1281359872                                {product} {ergonomic}
   size_t MinHeapDeltaBytes                        = 1048576                                   {product} {ergonomic}
   size_t MinHeapSize                              = 8388608                                   {product} {ergonomic}
    uintx NonNMethodCodeHeapSize                   = 5832780                                {pd product} {ergonomic}
    uintx NonProfiledCodeHeapSize                  = 122912730                              {pd product} {ergonomic}
    uintx ProfiledCodeHeapSize                     = 122912730                              {pd product} {ergonomic}
    uintx ReservedCodeCacheSize                    = 251658240                              {pd product} {ergonomic}
     bool SegmentedCodeCache                       = true                                      {product} {ergonomic}
   size_t SoftMaxHeapSize                          = 2136997888                             {manageable} {ergonomic}
     bool UseCompressedClassPointers               = true                           {product lp64_product} {ergonomic}
     bool UseCompressedOops                        = true                           {product lp64_product} {ergonomic}
     bool UseG1GC                                  = true                                      {product} {ergonomic}
     bool UseLargePagesIndividualAllocation        = false                                  {pd product} {ergonomic}

Logging:
Log output configuration:
 #0: stdout all=warning uptime,level,tags
 #1: stderr all=off uptime,level,tags

Environment Variables:
JAVA_HOME=C:\Program Files\Java\jdk-20.0.2
CLASSPATH=%CLASSPATH%;%GSON_HOME%\gson-2.8.2.jar;;D:\gson\gson-2.8.2.jar;;D:\gson\gson-2.8.2.jar;
PATH=C:\Program Files\Java\jdk-20.0.2\bin;C:\Sve\VMware\bin\;C:\Program Files (x86)\Windows Resource Kits\Tools\;D:\fax D\VLSI\alati\verilog-format-WIN\xpack-windows-build-tools-4.2.1-2\bin;C:\WINDOWS\system32;C:\WINDOWS;C:\WINDOWS\System32\Wbem;C:\WINDOWS\System32\WindowsPowerShell\v1.0\;C:\WINDOWS\System32\OpenSSH\;D:\NodeJs\;C:\ProgramData\chocolatey\bin;D:\altera\13.0sp1\quartus\bin\cygwin\bin;C:\Program Files\Microsoft SQL Server\Client SDK\ODBC\170\Tools\Binn\;C:\Program Files (x86)\Microsoft SQL Server\150\Tools\Binn\;C:\Program Files\Microsoft SQL Server\150\Tools\Binn\;C:\Program Files\Microsoft SQL Server\150\DTS\Binn\;C:\Program Files (x86)\Microsoft SQL Server\150\DTS\Binn\;C:\Program Files\Azure Data Studio\bin;D:\Git\cmd;C:\Program Files\Java\javafx-sdk-20.0.2\lib;C:\Program Files\Maven\apache-maven-3.9.4\bin;C:\Program Files\MySQL\MySQL Shell 8.0\bin\;C:\Python38\Scripts\;C:\Python38\;C:\Users\admin\AppData\Local\Microsoft\WindowsApps;C:\Sve\altera\modelsim_ase\win32aloem;D:\Microsoft VS Code\bin;C:\Users\admin\AppData\Roaming\npm;D:\fax D\MIPS\GNU MCU\arm-none-eabi-gcc-10.2.1-1.1\bin;D:\fax D\MIPS\GNU MCU\build-tools-4.2.1-2\bin;D:\altera\13.0sp1\modelsim_ase\win32aloem;C:\Program Files\Azure Data Studio\bin;C:\Users\admin\AppData\Local\GitHubDesktop\bin;D:\IntellijIDEA\IntelliJ IDEA 2023.2.1\bin;
USERNAME=admin
OS=Windows_NT
PROCESSOR_IDENTIFIER=AMD64 Family 23 Model 1 Stepping 1, AuthenticAMD



---------------  S Y S T E M  ---------------

OS:
 Windows 10 , 64 bit Build 19041 (10.0.19041.3393)
OS uptime: 8 days 23:49 hours

CPU: total 4 (initial active 4) (4 cores per cpu, 1 threads per core) family 23 model 1 stepping 1 microcode 0x0, cx8, cmov, fxsr, mmx, 3dnowpref, sse, sse2, sse3, ssse3, sse4a, sse4.1, sse4.2, popcnt, lzcnt, tsc, tscinvbit, avx, avx2, aes, clmul, bmi1, bmi2, adx, sha, fma, vzeroupper, clflush, clflushopt

Memory: 4k page, system-wide physical 8146M (1293M free)
TotalPageFile size 14290M (AvailPageFile size 3827M)
current process WorkingSet (physical memory assigned to process): 297M, peak: 297M
current process commit charge ("private bytes"): 481M, peak: 482M

vm_info: OpenJDK 64-Bit Server VM (17.0.2+8-86) for windows-amd64 JRE (17.0.2+8-86), built on Dec  7 2021 21:49:10 by "mach5one" with MS VC++ 16.8 / 16.9 (VS2019)

END.
